[debug] [2021-09-02T21:43:59.308Z] ----------------------------------------------------------------------
[debug] [2021-09-02T21:43:59.311Z] Command:       C:\Program Files\nodejs\node.exe C:\Users\bjrat\AppData\Roaming\npm\node_modules\firebase-tools\lib\bin\firebase.js emulators:start
[debug] [2021-09-02T21:43:59.311Z] CLI Version:   9.16.6
[debug] [2021-09-02T21:43:59.312Z] Platform:      win32
[debug] [2021-09-02T21:43:59.312Z] Node Version:  v14.17.6
[debug] [2021-09-02T21:43:59.313Z] Time:          Thu Sep 02 2021 14:43:59 GMT-0700 (Pacific Daylight Time)
[debug] [2021-09-02T21:43:59.313Z] ----------------------------------------------------------------------
[debug] 
[debug] [2021-09-02T21:43:59.404Z] > command requires scopes: ["email","openid","https://www.googleapis.com/auth/cloudplatformprojects.readonly","https://www.googleapis.com/auth/firebase","https://www.googleapis.com/auth/cloud-platform"]
[debug] [2021-09-02T21:43:59.404Z] > authorizing via signed-in user (bjrathbone1@gmail.com)
[info] i  emulators: Starting emulators: auth, functions, firestore, database, hosting, pubsub, storage {"metadata":{"emulator":{"name":"hub"},"message":"Starting emulators: auth, functions, firestore, database, hosting, pubsub, storage"}}
[debug] [2021-09-02T21:43:59.434Z] [hub] writing locator at C:\Users\bjrat\AppData\Local\Temp\hub-word-morph-image.json
[warn] !  Your requested "node" version "12" doesn't match your global version "14" {"metadata":{"emulator":{"name":"functions"},"message":"Your requested \"node\" version \"12\" doesn't match your global version \"14\""}}
[debug] [2021-09-02T21:43:59.655Z] defaultcredentials: writing to file C:\Users\bjrat\AppData\Roaming\firebase\bjrathbone1_gmail_com_application_default_credentials.json
[debug] [2021-09-02T21:43:59.659Z] Setting GAC to C:\Users\bjrat\AppData\Roaming\firebase\bjrathbone1_gmail_com_application_default_credentials.json {"metadata":{"emulator":{"name":"functions"},"message":"Setting GAC to C:\\Users\\bjrat\\AppData\\Roaming\\firebase\\bjrathbone1_gmail_com_application_default_credentials.json"}}
[debug] [2021-09-02T21:43:59.661Z] >>> [apiv2][query] GET https://firebase.googleapis.com/v1beta1/projects/word-morph-image/adminSdkConfig [none]
[debug] [2021-09-02T21:44:00.625Z] <<< [apiv2][status] GET https://firebase.googleapis.com/v1beta1/projects/word-morph-image/adminSdkConfig 200
[debug] [2021-09-02T21:44:00.625Z] <<< [apiv2][body] GET https://firebase.googleapis.com/v1beta1/projects/word-morph-image/adminSdkConfig {"projectId":"word-morph-image","databaseURL":"https://word-morph-image-default-rtdb.firebaseio.com","storageBucket":"word-morph-image.appspot.com","locationId":"us-west1"}
[debug] [2021-09-02T21:44:00.648Z] Ignoring unsupported arg: projectId {"metadata":{"emulator":{"name":"firestore"},"message":"Ignoring unsupported arg: projectId"}}
[debug] [2021-09-02T21:44:00.649Z] Ignoring unsupported arg: auto_download {"metadata":{"emulator":{"name":"firestore"},"message":"Ignoring unsupported arg: auto_download"}}
[debug] [2021-09-02T21:44:00.649Z] Starting Firestore Emulator with command {"binary":"java","args":["-Dgoogle.cloud_firestore.debug_log_level=FINE","-Duser.language=en","-jar","C:\\Users\\bjrat\\.cache\\firebase\\emulators\\cloud-firestore-emulator-v1.13.1.jar","--host","localhost","--port",8080,"--rules","C:\\Users\\bjrat\\source\\repos\\Javascript\\word-morph-image\\firestore.rules","--functions_emulator","localhost:5001"],"optionalArgs":["port","webchannel_port","host","rules","functions_emulator","seed_from_export"],"joinArgs":false} {"metadata":{"emulator":{"name":"firestore"},"message":"Starting Firestore Emulator with command {\"binary\":\"java\",\"args\":[\"-Dgoogle.cloud_firestore.debug_log_level=FINE\",\"-Duser.language=en\",\"-jar\",\"C:\\\\Users\\\\bjrat\\\\.cache\\\\firebase\\\\emulators\\\\cloud-firestore-emulator-v1.13.1.jar\",\"--host\",\"localhost\",\"--port\",8080,\"--rules\",\"C:\\\\Users\\\\bjrat\\\\source\\\\repos\\\\Javascript\\\\word-morph-image\\\\firestore.rules\",\"--functions_emulator\",\"localhost:5001\"],\"optionalArgs\":[\"port\",\"webchannel_port\",\"host\",\"rules\",\"functions_emulator\",\"seed_from_export\"],\"joinArgs\":false}"}}
[info] i  firestore: Firestore Emulator logging to firestore-debug.log {"metadata":{"emulator":{"name":"firestore"},"message":"Firestore Emulator logging to \u001b[1mfirestore-debug.log\u001b[22m"}}
[debug] [2021-09-02T21:44:05.412Z] Sep 02, 2021 2:44:05 PM com.google.cloud.datastore.emulator.firestore.websocket.WebSocketServer start
INFO: Started WebSocket server on ws://localhost:59013
 {"metadata":{"emulator":{"name":"firestore"},"message":"Sep 02, 2021 2:44:05 PM com.google.cloud.datastore.emulator.firestore.websocket.WebSocketServer start\r\nINFO: Started WebSocket server on ws://localhost:59013\r\n"}}
[debug] [2021-09-02T21:44:05.485Z] API endpoint: http://localhost {"metadata":{"emulator":{"name":"firestore"},"message":"API endpoint: http://localhost"}}
[debug] [2021-09-02T21:44:05.486Z] :8080
If you are using a library that supports the FIRESTORE_EMULATOR_HOST environment variable, run:

   export FIRESTORE_EMULATOR_HOST=localhost:8080

Dev App Server is now running.

 {"metadata":{"emulator":{"name":"firestore"},"message":":8080\nIf you are using a library that supports the FIRESTORE_EMULATOR_HOST environment variable, run:\r\n\n   export FIRESTORE_EMULATOR_HOST=localhost:8080\n\nDev App Server is now running.\n\r\n"}}
[debug] [2021-09-02T21:44:05.748Z] >>> [apiv2][query] GET https://firebase.googleapis.com/v1beta1/projects/word-morph-image [none]
[debug] [2021-09-02T21:44:07.143Z] <<< [apiv2][status] GET https://firebase.googleapis.com/v1beta1/projects/word-morph-image 200
[debug] [2021-09-02T21:44:07.143Z] <<< [apiv2][body] GET https://firebase.googleapis.com/v1beta1/projects/word-morph-image {"projectId":"word-morph-image","projectNumber":"724904043135","displayName":"word morph image","name":"projects/word-morph-image","resources":{"hostingSite":"word-morph-image","realtimeDatabaseInstance":"word-morph-image-default-rtdb","storageBucket":"word-morph-image.appspot.com","locationId":"us-west1"},"state":"ACTIVE"}
[debug] [2021-09-02T21:44:07.144Z] database rules config:  [{"instance":"word-morph-image-default-rtdb","rules":"C:\\Users\\bjrat\\source\\repos\\Javascript\\word-morph-image\\database.rules.json"}]
[debug] [2021-09-02T21:44:07.147Z] Ignoring unsupported arg: projectId {"metadata":{"emulator":{"name":"database"},"message":"Ignoring unsupported arg: projectId"}}
[debug] [2021-09-02T21:44:07.147Z] Ignoring unsupported arg: auto_download {"metadata":{"emulator":{"name":"database"},"message":"Ignoring unsupported arg: auto_download"}}
[debug] [2021-09-02T21:44:07.147Z] Ignoring unsupported arg: rules {"metadata":{"emulator":{"name":"database"},"message":"Ignoring unsupported arg: rules"}}
[debug] [2021-09-02T21:44:07.147Z] Starting Database Emulator with command {"binary":"java","args":["-Duser.language=en","-jar","C:\\Users\\bjrat\\.cache\\firebase\\emulators\\firebase-database-emulator-v4.7.2.jar","--host","localhost","--port",9000,"--functions_emulator_host","localhost","--functions_emulator_port",5001],"optionalArgs":["port","host","functions_emulator_port","functions_emulator_host"],"joinArgs":false} {"metadata":{"emulator":{"name":"database"},"message":"Starting Database Emulator with command {\"binary\":\"java\",\"args\":[\"-Duser.language=en\",\"-jar\",\"C:\\\\Users\\\\bjrat\\\\.cache\\\\firebase\\\\emulators\\\\firebase-database-emulator-v4.7.2.jar\",\"--host\",\"localhost\",\"--port\",9000,\"--functions_emulator_host\",\"localhost\",\"--functions_emulator_port\",5001],\"optionalArgs\":[\"port\",\"host\",\"functions_emulator_port\",\"functions_emulator_host\"],\"joinArgs\":false}"}}
[info] i  database: Database Emulator logging to database-debug.log {"metadata":{"emulator":{"name":"database"},"message":"Database Emulator logging to \u001b[1mdatabase-debug.log\u001b[22m"}}
[debug] [2021-09-02T21:44:12.945Z] 14:44:12.941 [NamespaceSystem-akka.actor.default-dispatcher-6] INFO akka.event.slf4j.Slf4jLogger - Slf4jLogger started
 {"metadata":{"emulator":{"name":"database"},"message":"14:44:12.941 [NamespaceSystem-akka.actor.default-dispatcher-6] INFO akka.event.slf4j.Slf4jLogger - Slf4jLogger started\r\n"}}
[debug] [2021-09-02T21:44:13.408Z] 14:44:13.410 [main] INFO com.firebase.server.forge.App$ - Listening at localhost:9000
 {"metadata":{"emulator":{"name":"database"},"message":"14:44:13.410 [main] INFO com.firebase.server.forge.App$ - Listening at localhost:9000\r\n"}}
[debug] [2021-09-02T21:44:18.278Z] Ignoring unsupported arg: projectId {"metadata":{"emulator":{"name":"pubsub"},"message":"Ignoring unsupported arg: projectId"}}
[debug] [2021-09-02T21:44:18.278Z] Ignoring unsupported arg: auto_download {"metadata":{"emulator":{"name":"pubsub"},"message":"Ignoring unsupported arg: auto_download"}}
[debug] [2021-09-02T21:44:18.278Z] Starting Pub/Sub Emulator with command {"binary":"C:\\Users\\bjrat\\.cache\\firebase\\emulators\\pubsub-emulator-0.1.0\\pubsub-emulator\\bin\\cloud-pubsub-emulator.bat","args":["--host=localhost","--port=8085"],"optionalArgs":["port","host"],"joinArgs":true} {"metadata":{"emulator":{"name":"pubsub"},"message":"Starting Pub/Sub Emulator with command {\"binary\":\"C:\\\\Users\\\\bjrat\\\\.cache\\\\firebase\\\\emulators\\\\pubsub-emulator-0.1.0\\\\pubsub-emulator\\\\bin\\\\cloud-pubsub-emulator.bat\",\"args\":[\"--host=localhost\",\"--port=8085\"],\"optionalArgs\":[\"port\",\"host\"],\"joinArgs\":true}"}}
[info] i  pubsub: Pub/Sub Emulator logging to pubsub-debug.log {"metadata":{"emulator":{"name":"pubsub"},"message":"Pub/Sub Emulator logging to \u001b[1mpubsub-debug.log\u001b[22m"}}
[debug] [2021-09-02T21:44:21.709Z] Ignoring unsupported arg: port {"metadata":{"emulator":{"name":"storage"},"message":"Ignoring unsupported arg: port"}}
[debug] [2021-09-02T21:44:22.078Z] Temp file directory for storage emulator: C:\Users\bjrat\AppData\Local\Temp/firebase/storage/blobs {"metadata":{"emulator":{"name":"storage"},"message":"Temp file directory for storage emulator: C:\\Users\\bjrat\\AppData\\Local\\Temp/firebase/storage/blobs"}}
[debug] [2021-09-02T21:44:23.429Z] >>> [apiv2][query] GET https://firebasehosting.googleapis.com/v1beta1/projects/word-morph-image/sites 
[debug] [2021-09-02T21:44:25.138Z] <<< [apiv2][status] GET https://firebasehosting.googleapis.com/v1beta1/projects/word-morph-image/sites 200
[debug] [2021-09-02T21:44:25.138Z] <<< [apiv2][body] GET https://firebasehosting.googleapis.com/v1beta1/projects/word-morph-image/sites {"sites":[{"name":"projects/724904043135/sites/word-morph-image","defaultUrl":"https://word-morph-image.web.app","appId":"1:724904043135:web:042be513e468382907154a","type":"DEFAULT_SITE"}]}
[debug] [2021-09-02T21:44:25.138Z] >>> [apiv2][query] GET https://firebase.googleapis.com/v1beta1/projects/word-morph-image/webApps/1:724904043135:web:042be513e468382907154a/config [none]
[debug] [2021-09-02T21:44:26.624Z] <<< [apiv2][status] GET https://firebase.googleapis.com/v1beta1/projects/word-morph-image/webApps/1:724904043135:web:042be513e468382907154a/config 200
[debug] [2021-09-02T21:44:26.624Z] <<< [apiv2][body] GET https://firebase.googleapis.com/v1beta1/projects/word-morph-image/webApps/1:724904043135:web:042be513e468382907154a/config {"projectId":"word-morph-image","appId":"1:724904043135:web:042be513e468382907154a","databaseURL":"https://word-morph-image-default-rtdb.firebaseio.com","storageBucket":"word-morph-image.appspot.com","locationId":"us-west1","apiKey":"AIzaSyBqfHHi_jK_cMEX0O_0dD8d6ymJPxVA9Jc","authDomain":"word-morph-image.firebaseapp.com","messagingSenderId":"724904043135","measurementId":"G-XTF50TCXHF"}
[info] i  hosting: Serving hosting files from: build {"metadata":{"emulator":{"name":"hosting"},"message":"Serving hosting files from: \u001b[1mbuild\u001b[22m"}}
[info] +  hosting: Local server: http://localhost:5000 {"metadata":{"emulator":{"name":"hosting"},"message":"Local server: \u001b[4m\u001b[1mhttp://localhost:5000\u001b[22m\u001b[24m"}}
[debug] [2021-09-02T21:44:26.673Z] Ignoring unsupported arg: auto_download {"metadata":{"emulator":{"name":"ui"},"message":"Ignoring unsupported arg: auto_download"}}
[debug] [2021-09-02T21:44:26.674Z] Ignoring unsupported arg: port {"metadata":{"emulator":{"name":"ui"},"message":"Ignoring unsupported arg: port"}}
[debug] [2021-09-02T21:44:26.674Z] Starting Emulator UI with command {"binary":"node","args":["C:\\Users\\bjrat\\.cache\\firebase\\emulators\\ui-v1.6.2\\server.bundle.js"],"optionalArgs":[],"joinArgs":false} {"metadata":{"emulator":{"name":"ui"},"message":"Starting Emulator UI with command {\"binary\":\"node\",\"args\":[\"C:\\\\Users\\\\bjrat\\\\.cache\\\\firebase\\\\emulators\\\\ui-v1.6.2\\\\server.bundle.js\"],\"optionalArgs\":[],\"joinArgs\":false}"}}
[info] i  ui: Emulator UI logging to ui-debug.log {"metadata":{"emulator":{"name":"ui"},"message":"Emulator UI logging to \u001b[1mui-debug.log\u001b[22m"}}
[debug] [2021-09-02T21:44:26.943Z] Web / API server started at localhost:4000
 {"metadata":{"emulator":{"name":"ui"},"message":"Web / API server started at localhost:4000\n"}}
[info] i  functions: Watching "C:\Users\bjrat\source\repos\Javascript\word-morph-image\functions" for Cloud Functions... {"metadata":{"emulator":{"name":"functions"},"message":"Watching \"C:\\Users\\bjrat\\source\\repos\\Javascript\\word-morph-image\\functions\" for Cloud Functions..."}}
[debug] [2021-09-02T21:44:27.019Z] [worker-pool] addWorker(~diagnostic~) {"metadata":{"emulator":{"name":"functions"},"message":"[worker-pool] addWorker(~diagnostic~)"}}
[debug] [2021-09-02T21:44:27.020Z] [worker-pool] Adding worker with key ~diagnostic~, total=1 {"metadata":{"emulator":{"name":"functions"},"message":"[worker-pool] Adding worker with key ~diagnostic~, total=1"}}
[debug] [2021-09-02T21:44:27.020Z] [worker-pool] submitWork(triggerId=) {"metadata":{"emulator":{"name":"functions"},"message":"[worker-pool] submitWork(triggerId=)"}}
[debug] [2021-09-02T21:44:27.021Z] [worker-~diagnostic~-80c6b3af-99f9-43f9-b6ce-44d098b87964]: Assigning socketPath: \\?\pipe\C:\Users\bjrat\source\repos\Javascript\word-morph-image\functions\6736 {"metadata":{"emulator":{"name":"functions"},"message":"[worker-~diagnostic~-80c6b3af-99f9-43f9-b6ce-44d098b87964]: Assigning socketPath: \\\\?\\pipe\\C:\\Users\\bjrat\\source\\repos\\Javascript\\word-morph-image\\functions\\6736"}}
[debug] [2021-09-02T21:44:27.021Z] [worker-~diagnostic~-80c6b3af-99f9-43f9-b6ce-44d098b87964]: BUSY {"metadata":{"emulator":{"name":"functions"},"message":"[worker-~diagnostic~-80c6b3af-99f9-43f9-b6ce-44d098b87964]: BUSY"}}
[debug] [2021-09-02T21:44:27.825Z] [runtime-status] [6736] Functions runtime initialized. {"cwd":"C:\\Users\\bjrat\\source\\repos\\Javascript\\word-morph-image\\functions","node_version":"14.17.6"} {"metadata":{"emulator":{"name":"functions"},"message":"[runtime-status] [6736] Functions runtime initialized. {\"cwd\":\"C:\\\\Users\\\\bjrat\\\\source\\\\repos\\\\Javascript\\\\word-morph-image\\\\functions\",\"node_version\":\"14.17.6\"}"}}
[debug] [2021-09-02T21:44:27.830Z] [runtime-status] [6736] Disabled runtime features: undefined {"metadata":{"emulator":{"name":"functions"},"message":"[runtime-status] [6736] Disabled runtime features: undefined"}}
[debug] [2021-09-02T21:44:27.840Z] [runtime-status] [6736] Resolved module firebase-admin {"declared":true,"installed":true,"version":"9.11.1","resolution":"C:\\Users\\bjrat\\source\\repos\\Javascript\\word-morph-image\\functions\\node_modules\\firebase-admin\\lib\\index.js"} {"metadata":{"emulator":{"name":"functions"},"message":"[runtime-status] [6736] Resolved module firebase-admin {\"declared\":true,\"installed\":true,\"version\":\"9.11.1\",\"resolution\":\"C:\\\\Users\\\\bjrat\\\\source\\\\repos\\\\Javascript\\\\word-morph-image\\\\functions\\\\node_modules\\\\firebase-admin\\\\lib\\\\index.js\"}"}}
[debug] [2021-09-02T21:44:27.848Z] [runtime-status] [6736] Resolved module firebase-functions {"declared":true,"installed":true,"version":"3.15.4","resolution":"C:\\Users\\bjrat\\source\\repos\\Javascript\\word-morph-image\\functions\\node_modules\\firebase-functions\\lib\\index.js"} {"metadata":{"emulator":{"name":"functions"},"message":"[runtime-status] [6736] Resolved module firebase-functions {\"declared\":true,\"installed\":true,\"version\":\"3.15.4\",\"resolution\":\"C:\\\\Users\\\\bjrat\\\\source\\\\repos\\\\Javascript\\\\word-morph-image\\\\functions\\\\node_modules\\\\firebase-functions\\\\lib\\\\index.js\"}"}}
[debug] [2021-09-02T21:44:27.854Z] [runtime-status] [6736] Resolved module firebase-functions {"declared":true,"installed":true,"version":"3.15.4","resolution":"C:\\Users\\bjrat\\source\\repos\\Javascript\\word-morph-image\\functions\\node_modules\\firebase-functions\\lib\\index.js"} {"metadata":{"emulator":{"name":"functions"},"message":"[runtime-status] [6736] Resolved module firebase-functions {\"declared\":true,\"installed\":true,\"version\":\"3.15.4\",\"resolution\":\"C:\\\\Users\\\\bjrat\\\\source\\\\repos\\\\Javascript\\\\word-morph-image\\\\functions\\\\node_modules\\\\firebase-functions\\\\lib\\\\index.js\"}"}}
[debug] [2021-09-02T21:44:27.854Z] [runtime-status] [6736] Set PUBSUB_EMULATOR_HOST to localhost:8085 {"metadata":{"emulator":{"name":"functions"},"message":"[runtime-status] [6736] Set PUBSUB_EMULATOR_HOST to localhost:8085"}}
[debug] [2021-09-02T21:44:27.858Z] [runtime-status] [6736] Outgoing network have been stubbed. [{"name":"http","status":"mocked"},{"name":"http","status":"mocked"},{"name":"https","status":"mocked"},{"name":"https","status":"mocked"},{"name":"net","status":"mocked"}] {"metadata":{"emulator":{"name":"functions"},"message":"[runtime-status] [6736] Outgoing network have been stubbed. [{\"name\":\"http\",\"status\":\"mocked\"},{\"name\":\"http\",\"status\":\"mocked\"},{\"name\":\"https\",\"status\":\"mocked\"},{\"name\":\"https\",\"status\":\"mocked\"},{\"name\":\"net\",\"status\":\"mocked\"}]"}}
[debug] [2021-09-02T21:44:27.860Z] [runtime-status] [6736] Resolved module firebase-functions {"declared":true,"installed":true,"version":"3.15.4","resolution":"C:\\Users\\bjrat\\source\\repos\\Javascript\\word-morph-image\\functions\\node_modules\\firebase-functions\\lib\\index.js"} {"metadata":{"emulator":{"name":"functions"},"message":"[runtime-status] [6736] Resolved module firebase-functions {\"declared\":true,\"installed\":true,\"version\":\"3.15.4\",\"resolution\":\"C:\\\\Users\\\\bjrat\\\\source\\\\repos\\\\Javascript\\\\word-morph-image\\\\functions\\\\node_modules\\\\firebase-functions\\\\lib\\\\index.js\"}"}}
[debug] [2021-09-02T21:44:28.253Z] [runtime-status] [6736] Checked functions.config() {"config":{}} {"metadata":{"emulator":{"name":"functions"},"message":"[runtime-status] [6736] Checked functions.config() {\"config\":{}}"}}
[debug] [2021-09-02T21:44:28.253Z] [runtime-status] [6736] firebase-functions has been stubbed. {"functionsResolution":{"declared":true,"installed":true,"version":"3.15.4","resolution":"C:\\Users\\bjrat\\source\\repos\\Javascript\\word-morph-image\\functions\\node_modules\\firebase-functions\\lib\\index.js"}} {"metadata":{"emulator":{"name":"functions"},"message":"[runtime-status] [6736] firebase-functions has been stubbed. {\"functionsResolution\":{\"declared\":true,\"installed\":true,\"version\":\"3.15.4\",\"resolution\":\"C:\\\\Users\\\\bjrat\\\\source\\\\repos\\\\Javascript\\\\word-morph-image\\\\functions\\\\node_modules\\\\firebase-functions\\\\lib\\\\index.js\"}}"}}
[debug] [2021-09-02T21:44:28.254Z] [runtime-status] [6736] Resolved module firebase-functions {"declared":true,"installed":true,"version":"3.15.4","resolution":"C:\\Users\\bjrat\\source\\repos\\Javascript\\word-morph-image\\functions\\node_modules\\firebase-functions\\lib\\index.js"} {"metadata":{"emulator":{"name":"functions"},"message":"[runtime-status] [6736] Resolved module firebase-functions {\"declared\":true,\"installed\":true,\"version\":\"3.15.4\",\"resolution\":\"C:\\\\Users\\\\bjrat\\\\source\\\\repos\\\\Javascript\\\\word-morph-image\\\\functions\\\\node_modules\\\\firebase-functions\\\\lib\\\\index.js\"}"}}
[debug] [2021-09-02T21:44:28.256Z] [runtime-status] [6736] Resolved module firebase-admin {"declared":true,"installed":true,"version":"9.11.1","resolution":"C:\\Users\\bjrat\\source\\repos\\Javascript\\word-morph-image\\functions\\node_modules\\firebase-admin\\lib\\index.js"} {"metadata":{"emulator":{"name":"functions"},"message":"[runtime-status] [6736] Resolved module firebase-admin {\"declared\":true,\"installed\":true,\"version\":\"9.11.1\",\"resolution\":\"C:\\\\Users\\\\bjrat\\\\source\\\\repos\\\\Javascript\\\\word-morph-image\\\\functions\\\\node_modules\\\\firebase-admin\\\\lib\\\\index.js\"}"}}
[debug] [2021-09-02T21:44:28.257Z] [runtime-status] [6736] Resolved module firebase-functions {"declared":true,"installed":true,"version":"3.15.4","resolution":"C:\\Users\\bjrat\\source\\repos\\Javascript\\word-morph-image\\functions\\node_modules\\firebase-functions\\lib\\index.js"} {"metadata":{"emulator":{"name":"functions"},"message":"[runtime-status] [6736] Resolved module firebase-functions {\"declared\":true,\"installed\":true,\"version\":\"3.15.4\",\"resolution\":\"C:\\\\Users\\\\bjrat\\\\source\\\\repos\\\\Javascript\\\\word-morph-image\\\\functions\\\\node_modules\\\\firebase-functions\\\\lib\\\\index.js\"}"}}
[debug] [2021-09-02T21:44:28.258Z] [runtime-status] [6736] firebase-admin has been stubbed. {"adminResolution":{"declared":true,"installed":true,"version":"9.11.1","resolution":"C:\\Users\\bjrat\\source\\repos\\Javascript\\word-morph-image\\functions\\node_modules\\firebase-admin\\lib\\index.js"}} {"metadata":{"emulator":{"name":"functions"},"message":"[runtime-status] [6736] firebase-admin has been stubbed. {\"adminResolution\":{\"declared\":true,\"installed\":true,\"version\":\"9.11.1\",\"resolution\":\"C:\\\\Users\\\\bjrat\\\\source\\\\repos\\\\Javascript\\\\word-morph-image\\\\functions\\\\node_modules\\\\firebase-admin\\\\lib\\\\index.js\"}}"}}
[debug] [2021-09-02T21:44:28.262Z] [runtime-status] [6736] initializeApp(DEFAULT) {"storageBucket":"word-morph-image.appspot.com","databaseURL":"http://localhost:9000/?ns=word-morph-image-default-rtdb","projectId":"word-morph-image"} {"metadata":{"emulator":{"name":"functions"},"message":"[runtime-status] [6736] initializeApp(DEFAULT) {\"storageBucket\":\"word-morph-image.appspot.com\",\"databaseURL\":\"http://localhost:9000/?ns=word-morph-image-default-rtdb\",\"projectId\":\"word-morph-image\"}"}}
[info] +  functions[us-central1-helloWorld]: http function initialized (http://localhost:5001/word-morph-image/us-central1/helloWorld). {"metadata":{"emulator":{"name":"functions"},"message":"\u001b[1mhttp\u001b[22m function initialized (http://localhost:5001/word-morph-image/us-central1/helloWorld)."}}
[debug] [2021-09-02T21:44:29.304Z] >>> HTTP REQUEST PUT http://localhost:9000/.settings/rules.json?ns=word-morph-image-default-rtdb  
 {
  /* Visit https://firebase.google.com/docs/database/security to learn more about security rules. */
  "rules": {
    ".read": false,
    ".write": false
  }
}
[debug] [2021-09-02T21:44:29.307Z] [worker-~diagnostic~-80c6b3af-99f9-43f9-b6ce-44d098b87964]: IDLE {"metadata":{"emulator":{"name":"functions"},"message":"[worker-~diagnostic~-80c6b3af-99f9-43f9-b6ce-44d098b87964]: IDLE"}}
[debug] [2021-09-02T21:44:30.206Z] <<< HTTP RESPONSE 200 {"content-length":"15","content-type":"application/json; charset=utf-8","access-control-allow-origin":"*","cache-control":"no-cache","x-firebase-project-id":"word-morph-image-default-rtdb","x-firebase-project-number":"123456789","x-firebase-uuid":"e29b4871-74ad-45f9-a27f-4d2519c9cb6c"}
[info] 
┌─────────────────────────────────────────────────────────────┐
│ ✔  All emulators ready! It is now safe to connect your app. │
│ i  View Emulator UI at http://localhost:4000                │
└─────────────────────────────────────────────────────────────┘

┌────────────────┬────────────────┬─────────────────────────────────┐
│ Emulator       │ Host:Port      │ View in Emulator UI             │
├────────────────┼────────────────┼─────────────────────────────────┤
│ Authentication │ localhost:9099 │ http://localhost:4000/auth      │
├────────────────┼────────────────┼─────────────────────────────────┤
│ Functions      │ localhost:5001 │ http://localhost:4000/functions │
├────────────────┼────────────────┼─────────────────────────────────┤
│ Firestore      │ localhost:8080 │ http://localhost:4000/firestore │
├────────────────┼────────────────┼─────────────────────────────────┤
│ Database       │ localhost:9000 │ http://localhost:4000/database  │
├────────────────┼────────────────┼─────────────────────────────────┤
│ Hosting        │ localhost:5000 │ n/a                             │
├────────────────┼────────────────┼─────────────────────────────────┤
│ Pub/Sub        │ localhost:8085 │ n/a                             │
├────────────────┼────────────────┼─────────────────────────────────┤
│ Storage        │ localhost:9199 │ http://localhost:4000/storage   │
└────────────────┴────────────────┴─────────────────────────────────┘
  Emulator Hub running at localhost:4400
  Other reserved ports: 4500

Issues? Report them at https://github.com/firebase/firebase-tools/issues and attach the *-debug.log files.
 
[warn] !  Received a signed JWT. Auth Emulator does not validate JWTs and IS NOT SECURE {"metadata":{"emulator":{"name":"auth"},"message":"Received a signed JWT. Auth Emulator does not validate JWTs and IS NOT SECURE"}}
[debug] [2021-09-02T21:44:46.707Z] >>> [apiv2][query] POST http://localhost:5001/functions/projects/word-morph-image/trigger_multicast [none]
[debug] [2021-09-02T21:44:46.707Z] >>> [apiv2][body] POST http://localhost:5001/functions/projects/word-morph-image/trigger_multicast {"eventId":"3aaeac49-53fb-4814-a26c-9d26489c94f7","eventType":"providers/firebase.auth/eventTypes/user.create","resource":{"name":"projects/word-morph-image","service":"firebaseauth.googleapis.com"},"params":{},"timestamp":"2021-09-02T21:44:46.707Z","data":{"uid":"Mzq3fIdgGZOXeKXrN2fq6dogKgsR","metadata":{"creationTime":"1630619086706","lastSignInTime":"1630619086706"},"customClaims":{}}}
[debug] [2021-09-02T21:44:46.715Z] <<< [apiv2][status] POST http://localhost:5001/functions/projects/word-morph-image/trigger_multicast 200
[debug] [2021-09-02T21:44:46.715Z] <<< [apiv2][body] POST http://localhost:5001/functions/projects/word-morph-image/trigger_multicast {"status":"multicast_acknowledged"}
[debug] [2021-09-02T21:44:50.707Z] Sep 02, 2021 2:44:50 PM io.gapi.emulators.netty.HttpVersionRoutingHandler channelRead
INFO: Detected non-HTTP/2 connection.
 {"metadata":{"emulator":{"name":"firestore"},"message":"Sep 02, 2021 2:44:50 PM io.gapi.emulators.netty.HttpVersionRoutingHandler channelRead\r\nINFO: Detected non-HTTP/2 connection.\r\n"}}
[debug] [2021-09-02T21:44:51.149Z] Sep 02, 2021 2:44:51 PM com.google.cloud.datastore.emulator.firestore.websocket.WebSocketChannelHandler initChannel
INFO: Connected to new websocket client
 {"metadata":{"emulator":{"name":"firestore"},"message":"Sep 02, 2021 2:44:51 PM com.google.cloud.datastore.emulator.firestore.websocket.WebSocketChannelHandler initChannel\r\nINFO: Connected to new websocket client\r\n"}}
[debug] [2021-09-02T21:44:54.734Z] Sep 02, 2021 2:44:54 PM io.gapi.emulators.netty.HttpVersionRoutingHandler channelRead
INFO: Detected non-HTTP/2 connection.
 {"metadata":{"emulator":{"name":"firestore"},"message":"Sep 02, 2021 2:44:54 PM io.gapi.emulators.netty.HttpVersionRoutingHandler channelRead\r\nINFO: Detected non-HTTP/2 connection.\r\n"}}
[debug] [2021-09-02T21:45:33.884Z] Sep 02, 2021 2:45:33 PM io.gapi.emulators.netty.HttpVersionRoutingHandler channelRead
INFO: Detected non-HTTP/2 connection.
 {"metadata":{"emulator":{"name":"firestore"},"message":"Sep 02, 2021 2:45:33 PM io.gapi.emulators.netty.HttpVersionRoutingHandler channelRead\r\nINFO: Detected non-HTTP/2 connection.\r\n"}}
[debug] [2021-09-02T21:45:40.789Z] Sep 02, 2021 2:45:40 PM io.gapi.emulators.netty.HttpVersionRoutingHandler channelRead
INFO: Detected non-HTTP/2 connection.
 {"metadata":{"emulator":{"name":"firestore"},"message":"Sep 02, 2021 2:45:40 PM io.gapi.emulators.netty.HttpVersionRoutingHandler channelRead\r\nINFO: Detected non-HTTP/2 connection.\r\n"}}
[debug] [2021-09-02T21:46:35.764Z] Sep 02, 2021 2:46:35 PM io.gapi.emulators.netty.HttpVersionRoutingHandler channelRead
INFO: Detected non-HTTP/2 connection.
 {"metadata":{"emulator":{"name":"firestore"},"message":"Sep 02, 2021 2:46:35 PM io.gapi.emulators.netty.HttpVersionRoutingHandler channelRead\r\nINFO: Detected non-HTTP/2 connection.\r\n"}}
[debug] [2021-09-02T21:46:55.581Z] >>> [apiv2][query] POST http://localhost:5001/functions/projects/word-morph-image/trigger_multicast [none]
[debug] [2021-09-02T21:46:55.581Z] >>> [apiv2][body] POST http://localhost:5001/functions/projects/word-morph-image/trigger_multicast "{\"eventId\":\"1630619215581\",\"timestamp\":\"2021-09-02T14:46:55.581Z\",\"eventType\":\"google.storage.object.metadataUpdate\",\"resource\":{\"service\":\"storage.googleapis.com\",\"name\":\"projects/_/buckets/word-morph-image.appspot.com/objects/visitors/images/Mzq3fIdgGZOXeKXrN2fq6dogKgsR/Goodbye.png\",\"type\":\"storage#object\"},\"data\":{\"kind\":\"#storage#object\",\"name\":\"visitors/images/Mzq3fIdgGZOXeKXrN2fq6dogKgsR/Goodbye.png\",\"bucket\":\"word-morph-image.appspot.com\",\"generation\":\"1630619215577\",\"metageneration\":\"1\",\"contentType\":\"image/png\",\"timeCreated\":\"2021-09-02T14:46:55.576Z\",\"updated\":\"2021-09-02T14:46:55.579Z\",\"storageClass\":\"STANDARD\",\"size\":\"37785\",\"md5Hash\":\"DtbC4QImxaiXDdFKBsYGeA==\",\"etag\":\"someETag\",\"crc32c\":\"----UA==\",\"timeStorageClassUpdated\":\"2021-09-02T14:46:55.576Z\",\"id\":\"word-morph-image.appspot.com/visitors/images/Mzq3fIdgGZOXeKXrN2fq6dogKgsR/Goodbye.png/1630619215577\",\"selfLink\":\"http://localhost:9199/storage/v1/b/word-morph-image.appspot.com/o/visitors%2Fimages%2FMzq3fIdgGZOXeKXrN2fq6dogKgsR%2FGoodbye.png\",\"mediaLink\":\"http://localhost:9199/download/storage/v1/b/word-morph-image.appspot.com/o/visitors%2Fimages%2FMzq3fIdgGZOXeKXrN2fq6dogKgsR%2FGoodbye.png?generation=1630619215577&alt=media\"}}"
[debug] [2021-09-02T21:46:55.582Z] >>> [apiv2][query] POST http://localhost:5001/functions/projects/word-morph-image/trigger_multicast [none]
[debug] [2021-09-02T21:46:55.582Z] >>> [apiv2][body] POST http://localhost:5001/functions/projects/word-morph-image/trigger_multicast "{\"eventId\":\"1630619215582\",\"timestamp\":\"2021-09-02T14:46:55.582Z\",\"eventType\":\"google.storage.object.finalize\",\"resource\":{\"service\":\"storage.googleapis.com\",\"name\":\"projects/_/buckets/word-morph-image.appspot.com/objects/visitors/images/Mzq3fIdgGZOXeKXrN2fq6dogKgsR/Goodbye.png\",\"type\":\"storage#object\"},\"data\":{\"kind\":\"#storage#object\",\"name\":\"visitors/images/Mzq3fIdgGZOXeKXrN2fq6dogKgsR/Goodbye.png\",\"bucket\":\"word-morph-image.appspot.com\",\"generation\":\"1630619215577\",\"metageneration\":\"1\",\"contentType\":\"image/png\",\"timeCreated\":\"2021-09-02T14:46:55.576Z\",\"updated\":\"2021-09-02T14:46:55.579Z\",\"storageClass\":\"STANDARD\",\"size\":\"37785\",\"md5Hash\":\"DtbC4QImxaiXDdFKBsYGeA==\",\"etag\":\"someETag\",\"crc32c\":\"----UA==\",\"timeStorageClassUpdated\":\"2021-09-02T14:46:55.576Z\",\"id\":\"word-morph-image.appspot.com/visitors/images/Mzq3fIdgGZOXeKXrN2fq6dogKgsR/Goodbye.png/1630619215577\",\"selfLink\":\"http://localhost:9199/storage/v1/b/word-morph-image.appspot.com/o/visitors%2Fimages%2FMzq3fIdgGZOXeKXrN2fq6dogKgsR%2FGoodbye.png\",\"mediaLink\":\"http://localhost:9199/download/storage/v1/b/word-morph-image.appspot.com/o/visitors%2Fimages%2FMzq3fIdgGZOXeKXrN2fq6dogKgsR%2FGoodbye.png?generation=1630619215577&alt=media\"}}"
[debug] [2021-09-02T21:46:55.587Z] <<< [apiv2][status] POST http://localhost:5001/functions/projects/word-morph-image/trigger_multicast 200
[debug] [2021-09-02T21:46:55.587Z] <<< [apiv2][body] POST http://localhost:5001/functions/projects/word-morph-image/trigger_multicast {"status":"multicast_acknowledged"}
[debug] [2021-09-02T21:46:55.588Z] <<< [apiv2][status] POST http://localhost:5001/functions/projects/word-morph-image/trigger_multicast 200
[debug] [2021-09-02T21:46:55.588Z] <<< [apiv2][body] POST http://localhost:5001/functions/projects/word-morph-image/trigger_multicast {"status":"multicast_acknowledged"}
[debug] [2021-09-02T21:47:03.832Z] >>> [apiv2][query] POST http://localhost:5001/functions/projects/word-morph-image/trigger_multicast [none]
[debug] [2021-09-02T21:47:03.832Z] >>> [apiv2][body] POST http://localhost:5001/functions/projects/word-morph-image/trigger_multicast "{\"eventId\":\"1630619223831\",\"timestamp\":\"2021-09-02T14:47:03.831Z\",\"eventType\":\"google.storage.object.metadataUpdate\",\"resource\":{\"service\":\"storage.googleapis.com\",\"name\":\"projects/_/buckets/word-morph-image.appspot.com/objects/visitors/images/Mzq3fIdgGZOXeKXrN2fq6dogKgsR/Lorem.png\",\"type\":\"storage#object\"},\"data\":{\"kind\":\"#storage#object\",\"name\":\"visitors/images/Mzq3fIdgGZOXeKXrN2fq6dogKgsR/Lorem.png\",\"bucket\":\"word-morph-image.appspot.com\",\"generation\":\"1630619223825\",\"metageneration\":\"1\",\"contentType\":\"image/png\",\"timeCreated\":\"2021-09-02T14:47:03.824Z\",\"updated\":\"2021-09-02T14:47:03.831Z\",\"storageClass\":\"STANDARD\",\"size\":\"35900\",\"md5Hash\":\"+SxQ3e9nZin9E9CLVjO9Aw==\",\"etag\":\"someETag\",\"crc32c\":\"----vg==\",\"timeStorageClassUpdated\":\"2021-09-02T14:47:03.824Z\",\"id\":\"word-morph-image.appspot.com/visitors/images/Mzq3fIdgGZOXeKXrN2fq6dogKgsR/Lorem.png/1630619223825\",\"selfLink\":\"http://localhost:9199/storage/v1/b/word-morph-image.appspot.com/o/visitors%2Fimages%2FMzq3fIdgGZOXeKXrN2fq6dogKgsR%2FLorem.png\",\"mediaLink\":\"http://localhost:9199/download/storage/v1/b/word-morph-image.appspot.com/o/visitors%2Fimages%2FMzq3fIdgGZOXeKXrN2fq6dogKgsR%2FLorem.png?generation=1630619223825&alt=media\"}}"
[debug] [2021-09-02T21:47:03.833Z] >>> [apiv2][query] POST http://localhost:5001/functions/projects/word-morph-image/trigger_multicast [none]
[debug] [2021-09-02T21:47:03.833Z] >>> [apiv2][body] POST http://localhost:5001/functions/projects/word-morph-image/trigger_multicast "{\"eventId\":\"1630619223833\",\"timestamp\":\"2021-09-02T14:47:03.833Z\",\"eventType\":\"google.storage.object.finalize\",\"resource\":{\"service\":\"storage.googleapis.com\",\"name\":\"projects/_/buckets/word-morph-image.appspot.com/objects/visitors/images/Mzq3fIdgGZOXeKXrN2fq6dogKgsR/Lorem.png\",\"type\":\"storage#object\"},\"data\":{\"kind\":\"#storage#object\",\"name\":\"visitors/images/Mzq3fIdgGZOXeKXrN2fq6dogKgsR/Lorem.png\",\"bucket\":\"word-morph-image.appspot.com\",\"generation\":\"1630619223825\",\"metageneration\":\"1\",\"contentType\":\"image/png\",\"timeCreated\":\"2021-09-02T14:47:03.824Z\",\"updated\":\"2021-09-02T14:47:03.831Z\",\"storageClass\":\"STANDARD\",\"size\":\"35900\",\"md5Hash\":\"+SxQ3e9nZin9E9CLVjO9Aw==\",\"etag\":\"someETag\",\"crc32c\":\"----vg==\",\"timeStorageClassUpdated\":\"2021-09-02T14:47:03.824Z\",\"id\":\"word-morph-image.appspot.com/visitors/images/Mzq3fIdgGZOXeKXrN2fq6dogKgsR/Lorem.png/1630619223825\",\"selfLink\":\"http://localhost:9199/storage/v1/b/word-morph-image.appspot.com/o/visitors%2Fimages%2FMzq3fIdgGZOXeKXrN2fq6dogKgsR%2FLorem.png\",\"mediaLink\":\"http://localhost:9199/download/storage/v1/b/word-morph-image.appspot.com/o/visitors%2Fimages%2FMzq3fIdgGZOXeKXrN2fq6dogKgsR%2FLorem.png?generation=1630619223825&alt=media\"}}"
[debug] [2021-09-02T21:47:03.841Z] <<< [apiv2][status] POST http://localhost:5001/functions/projects/word-morph-image/trigger_multicast 200
[debug] [2021-09-02T21:47:03.842Z] <<< [apiv2][body] POST http://localhost:5001/functions/projects/word-morph-image/trigger_multicast {"status":"multicast_acknowledged"}
[debug] [2021-09-02T21:47:03.843Z] <<< [apiv2][status] POST http://localhost:5001/functions/projects/word-morph-image/trigger_multicast 200
[debug] [2021-09-02T21:47:03.843Z] <<< [apiv2][body] POST http://localhost:5001/functions/projects/word-morph-image/trigger_multicast {"status":"multicast_acknowledged"}
[debug] [2021-09-02T21:47:09.560Z] >>> [apiv2][query] POST http://localhost:5001/functions/projects/word-morph-image/trigger_multicast [none]
[debug] [2021-09-02T21:47:09.561Z] >>> [apiv2][body] POST http://localhost:5001/functions/projects/word-morph-image/trigger_multicast "{\"eventId\":\"1630619229560\",\"timestamp\":\"2021-09-02T14:47:09.560Z\",\"eventType\":\"google.storage.object.metadataUpdate\",\"resource\":{\"service\":\"storage.googleapis.com\",\"name\":\"projects/_/buckets/word-morph-image.appspot.com/objects/visitors/images/Mzq3fIdgGZOXeKXrN2fq6dogKgsR/Ipsum.png\",\"type\":\"storage#object\"},\"data\":{\"kind\":\"#storage#object\",\"name\":\"visitors/images/Mzq3fIdgGZOXeKXrN2fq6dogKgsR/Ipsum.png\",\"bucket\":\"word-morph-image.appspot.com\",\"generation\":\"1630619229560\",\"metageneration\":\"1\",\"contentType\":\"image/png\",\"timeCreated\":\"2021-09-02T14:47:09.559Z\",\"updated\":\"2021-09-02T14:47:09.560Z\",\"storageClass\":\"STANDARD\",\"size\":\"34759\",\"md5Hash\":\"oPcJAE4KmmR/xfWvWXMrQw==\",\"etag\":\"someETag\",\"crc32c\":\"----Pg==\",\"timeStorageClassUpdated\":\"2021-09-02T14:47:09.559Z\",\"id\":\"word-morph-image.appspot.com/visitors/images/Mzq3fIdgGZOXeKXrN2fq6dogKgsR/Ipsum.png/1630619229560\",\"selfLink\":\"http://localhost:9199/storage/v1/b/word-morph-image.appspot.com/o/visitors%2Fimages%2FMzq3fIdgGZOXeKXrN2fq6dogKgsR%2FIpsum.png\",\"mediaLink\":\"http://localhost:9199/download/storage/v1/b/word-morph-image.appspot.com/o/visitors%2Fimages%2FMzq3fIdgGZOXeKXrN2fq6dogKgsR%2FIpsum.png?generation=1630619229560&alt=media\"}}"
[debug] [2021-09-02T21:47:09.561Z] >>> [apiv2][query] POST http://localhost:5001/functions/projects/word-morph-image/trigger_multicast [none]
[debug] [2021-09-02T21:47:09.561Z] >>> [apiv2][body] POST http://localhost:5001/functions/projects/word-morph-image/trigger_multicast "{\"eventId\":\"1630619229561\",\"timestamp\":\"2021-09-02T14:47:09.561Z\",\"eventType\":\"google.storage.object.finalize\",\"resource\":{\"service\":\"storage.googleapis.com\",\"name\":\"projects/_/buckets/word-morph-image.appspot.com/objects/visitors/images/Mzq3fIdgGZOXeKXrN2fq6dogKgsR/Ipsum.png\",\"type\":\"storage#object\"},\"data\":{\"kind\":\"#storage#object\",\"name\":\"visitors/images/Mzq3fIdgGZOXeKXrN2fq6dogKgsR/Ipsum.png\",\"bucket\":\"word-morph-image.appspot.com\",\"generation\":\"1630619229560\",\"metageneration\":\"1\",\"contentType\":\"image/png\",\"timeCreated\":\"2021-09-02T14:47:09.559Z\",\"updated\":\"2021-09-02T14:47:09.560Z\",\"storageClass\":\"STANDARD\",\"size\":\"34759\",\"md5Hash\":\"oPcJAE4KmmR/xfWvWXMrQw==\",\"etag\":\"someETag\",\"crc32c\":\"----Pg==\",\"timeStorageClassUpdated\":\"2021-09-02T14:47:09.559Z\",\"id\":\"word-morph-image.appspot.com/visitors/images/Mzq3fIdgGZOXeKXrN2fq6dogKgsR/Ipsum.png/1630619229560\",\"selfLink\":\"http://localhost:9199/storage/v1/b/word-morph-image.appspot.com/o/visitors%2Fimages%2FMzq3fIdgGZOXeKXrN2fq6dogKgsR%2FIpsum.png\",\"mediaLink\":\"http://localhost:9199/download/storage/v1/b/word-morph-image.appspot.com/o/visitors%2Fimages%2FMzq3fIdgGZOXeKXrN2fq6dogKgsR%2FIpsum.png?generation=1630619229560&alt=media\"}}"
[debug] [2021-09-02T21:47:09.566Z] <<< [apiv2][status] POST http://localhost:5001/functions/projects/word-morph-image/trigger_multicast 200
[debug] [2021-09-02T21:47:09.566Z] <<< [apiv2][body] POST http://localhost:5001/functions/projects/word-morph-image/trigger_multicast {"status":"multicast_acknowledged"}
[debug] [2021-09-02T21:47:09.567Z] <<< [apiv2][status] POST http://localhost:5001/functions/projects/word-morph-image/trigger_multicast 200
[debug] [2021-09-02T21:47:09.567Z] <<< [apiv2][body] POST http://localhost:5001/functions/projects/word-morph-image/trigger_multicast {"status":"multicast_acknowledged"}
[debug] [2021-09-02T21:47:18.293Z] >>> [apiv2][query] POST http://localhost:5001/functions/projects/word-morph-image/trigger_multicast [none]
[debug] [2021-09-02T21:47:18.294Z] >>> [apiv2][body] POST http://localhost:5001/functions/projects/word-morph-image/trigger_multicast "{\"eventId\":\"1630619238293\",\"timestamp\":\"2021-09-02T14:47:18.293Z\",\"eventType\":\"google.storage.object.metadataUpdate\",\"resource\":{\"service\":\"storage.googleapis.com\",\"name\":\"projects/_/buckets/word-morph-image.appspot.com/objects/visitors/images/Mzq3fIdgGZOXeKXrN2fq6dogKgsR/the.png\",\"type\":\"storage#object\"},\"data\":{\"kind\":\"#storage#object\",\"name\":\"visitors/images/Mzq3fIdgGZOXeKXrN2fq6dogKgsR/the.png\",\"bucket\":\"word-morph-image.appspot.com\",\"generation\":\"1630619238293\",\"metageneration\":\"1\",\"contentType\":\"image/png\",\"timeCreated\":\"2021-09-02T14:47:18.292Z\",\"updated\":\"2021-09-02T14:47:18.293Z\",\"storageClass\":\"STANDARD\",\"size\":\"36121\",\"md5Hash\":\"s7v3rJQJy8slggpywf49OQ==\",\"etag\":\"someETag\",\"crc32c\":\"----FA==\",\"timeStorageClassUpdated\":\"2021-09-02T14:47:18.292Z\",\"id\":\"word-morph-image.appspot.com/visitors/images/Mzq3fIdgGZOXeKXrN2fq6dogKgsR/the.png/1630619238293\",\"selfLink\":\"http://localhost:9199/storage/v1/b/word-morph-image.appspot.com/o/visitors%2Fimages%2FMzq3fIdgGZOXeKXrN2fq6dogKgsR%2Fthe.png\",\"mediaLink\":\"http://localhost:9199/download/storage/v1/b/word-morph-image.appspot.com/o/visitors%2Fimages%2FMzq3fIdgGZOXeKXrN2fq6dogKgsR%2Fthe.png?generation=1630619238293&alt=media\"}}"
[debug] [2021-09-02T21:47:18.295Z] >>> [apiv2][query] POST http://localhost:5001/functions/projects/word-morph-image/trigger_multicast [none]
[debug] [2021-09-02T21:47:18.295Z] >>> [apiv2][body] POST http://localhost:5001/functions/projects/word-morph-image/trigger_multicast "{\"eventId\":\"1630619238295\",\"timestamp\":\"2021-09-02T14:47:18.295Z\",\"eventType\":\"google.storage.object.finalize\",\"resource\":{\"service\":\"storage.googleapis.com\",\"name\":\"projects/_/buckets/word-morph-image.appspot.com/objects/visitors/images/Mzq3fIdgGZOXeKXrN2fq6dogKgsR/the.png\",\"type\":\"storage#object\"},\"data\":{\"kind\":\"#storage#object\",\"name\":\"visitors/images/Mzq3fIdgGZOXeKXrN2fq6dogKgsR/the.png\",\"bucket\":\"word-morph-image.appspot.com\",\"generation\":\"1630619238293\",\"metageneration\":\"1\",\"contentType\":\"image/png\",\"timeCreated\":\"2021-09-02T14:47:18.292Z\",\"updated\":\"2021-09-02T14:47:18.293Z\",\"storageClass\":\"STANDARD\",\"size\":\"36121\",\"md5Hash\":\"s7v3rJQJy8slggpywf49OQ==\",\"etag\":\"someETag\",\"crc32c\":\"----FA==\",\"timeStorageClassUpdated\":\"2021-09-02T14:47:18.292Z\",\"id\":\"word-morph-image.appspot.com/visitors/images/Mzq3fIdgGZOXeKXrN2fq6dogKgsR/the.png/1630619238293\",\"selfLink\":\"http://localhost:9199/storage/v1/b/word-morph-image.appspot.com/o/visitors%2Fimages%2FMzq3fIdgGZOXeKXrN2fq6dogKgsR%2Fthe.png\",\"mediaLink\":\"http://localhost:9199/download/storage/v1/b/word-morph-image.appspot.com/o/visitors%2Fimages%2FMzq3fIdgGZOXeKXrN2fq6dogKgsR%2Fthe.png?generation=1630619238293&alt=media\"}}"
[debug] [2021-09-02T21:47:18.302Z] <<< [apiv2][status] POST http://localhost:5001/functions/projects/word-morph-image/trigger_multicast 200
[debug] [2021-09-02T21:47:18.302Z] <<< [apiv2][body] POST http://localhost:5001/functions/projects/word-morph-image/trigger_multicast {"status":"multicast_acknowledged"}
[debug] [2021-09-02T21:47:18.303Z] <<< [apiv2][status] POST http://localhost:5001/functions/projects/word-morph-image/trigger_multicast 200
[debug] [2021-09-02T21:47:18.304Z] <<< [apiv2][body] POST http://localhost:5001/functions/projects/word-morph-image/trigger_multicast {"status":"multicast_acknowledged"}
[debug] [2021-09-02T21:47:23.351Z] >>> [apiv2][query] POST http://localhost:5001/functions/projects/word-morph-image/trigger_multicast [none]
[debug] [2021-09-02T21:47:23.352Z] >>> [apiv2][body] POST http://localhost:5001/functions/projects/word-morph-image/trigger_multicast "{\"eventId\":\"1630619243351\",\"timestamp\":\"2021-09-02T14:47:23.351Z\",\"eventType\":\"google.storage.object.metadataUpdate\",\"resource\":{\"service\":\"storage.googleapis.com\",\"name\":\"projects/_/buckets/word-morph-image.appspot.com/objects/visitors/images/Mzq3fIdgGZOXeKXrN2fq6dogKgsR/cites.png\",\"type\":\"storage#object\"},\"data\":{\"kind\":\"#storage#object\",\"name\":\"visitors/images/Mzq3fIdgGZOXeKXrN2fq6dogKgsR/cites.png\",\"bucket\":\"word-morph-image.appspot.com\",\"generation\":\"1630619243351\",\"metageneration\":\"1\",\"contentType\":\"image/png\",\"timeCreated\":\"2021-09-02T14:47:23.350Z\",\"updated\":\"2021-09-02T14:47:23.351Z\",\"storageClass\":\"STANDARD\",\"size\":\"31961\",\"md5Hash\":\"vIkBOfTojsncd82XebEM0A==\",\"etag\":\"someETag\",\"crc32c\":\"----Iw==\",\"timeStorageClassUpdated\":\"2021-09-02T14:47:23.350Z\",\"id\":\"word-morph-image.appspot.com/visitors/images/Mzq3fIdgGZOXeKXrN2fq6dogKgsR/cites.png/1630619243351\",\"selfLink\":\"http://localhost:9199/storage/v1/b/word-morph-image.appspot.com/o/visitors%2Fimages%2FMzq3fIdgGZOXeKXrN2fq6dogKgsR%2Fcites.png\",\"mediaLink\":\"http://localhost:9199/download/storage/v1/b/word-morph-image.appspot.com/o/visitors%2Fimages%2FMzq3fIdgGZOXeKXrN2fq6dogKgsR%2Fcites.png?generation=1630619243351&alt=media\"}}"
[debug] [2021-09-02T21:47:23.353Z] >>> [apiv2][query] POST http://localhost:5001/functions/projects/word-morph-image/trigger_multicast [none]
[debug] [2021-09-02T21:47:23.353Z] >>> [apiv2][body] POST http://localhost:5001/functions/projects/word-morph-image/trigger_multicast "{\"eventId\":\"1630619243353\",\"timestamp\":\"2021-09-02T14:47:23.353Z\",\"eventType\":\"google.storage.object.finalize\",\"resource\":{\"service\":\"storage.googleapis.com\",\"name\":\"projects/_/buckets/word-morph-image.appspot.com/objects/visitors/images/Mzq3fIdgGZOXeKXrN2fq6dogKgsR/cites.png\",\"type\":\"storage#object\"},\"data\":{\"kind\":\"#storage#object\",\"name\":\"visitors/images/Mzq3fIdgGZOXeKXrN2fq6dogKgsR/cites.png\",\"bucket\":\"word-morph-image.appspot.com\",\"generation\":\"1630619243351\",\"metageneration\":\"1\",\"contentType\":\"image/png\",\"timeCreated\":\"2021-09-02T14:47:23.350Z\",\"updated\":\"2021-09-02T14:47:23.351Z\",\"storageClass\":\"STANDARD\",\"size\":\"31961\",\"md5Hash\":\"vIkBOfTojsncd82XebEM0A==\",\"etag\":\"someETag\",\"crc32c\":\"----Iw==\",\"timeStorageClassUpdated\":\"2021-09-02T14:47:23.350Z\",\"id\":\"word-morph-image.appspot.com/visitors/images/Mzq3fIdgGZOXeKXrN2fq6dogKgsR/cites.png/1630619243351\",\"selfLink\":\"http://localhost:9199/storage/v1/b/word-morph-image.appspot.com/o/visitors%2Fimages%2FMzq3fIdgGZOXeKXrN2fq6dogKgsR%2Fcites.png\",\"mediaLink\":\"http://localhost:9199/download/storage/v1/b/word-morph-image.appspot.com/o/visitors%2Fimages%2FMzq3fIdgGZOXeKXrN2fq6dogKgsR%2Fcites.png?generation=1630619243351&alt=media\"}}"
[debug] [2021-09-02T21:47:23.360Z] <<< [apiv2][status] POST http://localhost:5001/functions/projects/word-morph-image/trigger_multicast 200
[debug] [2021-09-02T21:47:23.360Z] <<< [apiv2][body] POST http://localhost:5001/functions/projects/word-morph-image/trigger_multicast {"status":"multicast_acknowledged"}
[debug] [2021-09-02T21:47:23.362Z] <<< [apiv2][status] POST http://localhost:5001/functions/projects/word-morph-image/trigger_multicast 200
[debug] [2021-09-02T21:47:23.362Z] <<< [apiv2][body] POST http://localhost:5001/functions/projects/word-morph-image/trigger_multicast {"status":"multicast_acknowledged"}
[debug] [2021-09-02T21:47:31.262Z] >>> [apiv2][query] POST http://localhost:5001/functions/projects/word-morph-image/trigger_multicast [none]
[debug] [2021-09-02T21:47:31.262Z] >>> [apiv2][body] POST http://localhost:5001/functions/projects/word-morph-image/trigger_multicast "{\"eventId\":\"1630619251262\",\"timestamp\":\"2021-09-02T14:47:31.262Z\",\"eventType\":\"google.storage.object.metadataUpdate\",\"resource\":{\"service\":\"storage.googleapis.com\",\"name\":\"projects/_/buckets/word-morph-image.appspot.com/objects/visitors/images/Mzq3fIdgGZOXeKXrN2fq6dogKgsR/Hello.png\",\"type\":\"storage#object\"},\"data\":{\"kind\":\"#storage#object\",\"name\":\"visitors/images/Mzq3fIdgGZOXeKXrN2fq6dogKgsR/Hello.png\",\"bucket\":\"word-morph-image.appspot.com\",\"generation\":\"1630619251261\",\"metageneration\":\"1\",\"contentType\":\"image/png\",\"timeCreated\":\"2021-09-02T14:47:31.260Z\",\"updated\":\"2021-09-02T14:47:31.262Z\",\"storageClass\":\"STANDARD\",\"size\":\"444523\",\"md5Hash\":\"B6edBFOVwRTjQKXrr1VWWw==\",\"etag\":\"someETag\",\"crc32c\":\"----lQ==\",\"timeStorageClassUpdated\":\"2021-09-02T14:47:31.260Z\",\"id\":\"word-morph-image.appspot.com/visitors/images/Mzq3fIdgGZOXeKXrN2fq6dogKgsR/Hello.png/1630619251261\",\"selfLink\":\"http://localhost:9199/storage/v1/b/word-morph-image.appspot.com/o/visitors%2Fimages%2FMzq3fIdgGZOXeKXrN2fq6dogKgsR%2FHello.png\",\"mediaLink\":\"http://localhost:9199/download/storage/v1/b/word-morph-image.appspot.com/o/visitors%2Fimages%2FMzq3fIdgGZOXeKXrN2fq6dogKgsR%2FHello.png?generation=1630619251261&alt=media\"}}"
[debug] [2021-09-02T21:47:31.267Z] >>> [apiv2][query] POST http://localhost:5001/functions/projects/word-morph-image/trigger_multicast [none]
[debug] [2021-09-02T21:47:31.268Z] >>> [apiv2][body] POST http://localhost:5001/functions/projects/word-morph-image/trigger_multicast "{\"eventId\":\"1630619251267\",\"timestamp\":\"2021-09-02T14:47:31.267Z\",\"eventType\":\"google.storage.object.finalize\",\"resource\":{\"service\":\"storage.googleapis.com\",\"name\":\"projects/_/buckets/word-morph-image.appspot.com/objects/visitors/images/Mzq3fIdgGZOXeKXrN2fq6dogKgsR/Hello.png\",\"type\":\"storage#object\"},\"data\":{\"kind\":\"#storage#object\",\"name\":\"visitors/images/Mzq3fIdgGZOXeKXrN2fq6dogKgsR/Hello.png\",\"bucket\":\"word-morph-image.appspot.com\",\"generation\":\"1630619251261\",\"metageneration\":\"1\",\"contentType\":\"image/png\",\"timeCreated\":\"2021-09-02T14:47:31.260Z\",\"updated\":\"2021-09-02T14:47:31.262Z\",\"storageClass\":\"STANDARD\",\"size\":\"444523\",\"md5Hash\":\"B6edBFOVwRTjQKXrr1VWWw==\",\"etag\":\"someETag\",\"crc32c\":\"----lQ==\",\"timeStorageClassUpdated\":\"2021-09-02T14:47:31.260Z\",\"id\":\"word-morph-image.appspot.com/visitors/images/Mzq3fIdgGZOXeKXrN2fq6dogKgsR/Hello.png/1630619251261\",\"selfLink\":\"http://localhost:9199/storage/v1/b/word-morph-image.appspot.com/o/visitors%2Fimages%2FMzq3fIdgGZOXeKXrN2fq6dogKgsR%2FHello.png\",\"mediaLink\":\"http://localhost:9199/download/storage/v1/b/word-morph-image.appspot.com/o/visitors%2Fimages%2FMzq3fIdgGZOXeKXrN2fq6dogKgsR%2FHello.png?generation=1630619251261&alt=media\"}}"
[debug] [2021-09-02T21:47:31.272Z] <<< [apiv2][status] POST http://localhost:5001/functions/projects/word-morph-image/trigger_multicast 200
[debug] [2021-09-02T21:47:31.272Z] <<< [apiv2][body] POST http://localhost:5001/functions/projects/word-morph-image/trigger_multicast {"status":"multicast_acknowledged"}
[debug] [2021-09-02T21:47:31.272Z] <<< [apiv2][status] POST http://localhost:5001/functions/projects/word-morph-image/trigger_multicast 200
[debug] [2021-09-02T21:47:31.272Z] <<< [apiv2][body] POST http://localhost:5001/functions/projects/word-morph-image/trigger_multicast {"status":"multicast_acknowledged"}
[debug] [2021-09-02T21:48:49.017Z] Sep 02, 2021 2:48:49 PM io.gapi.emulators.netty.HttpVersionRoutingHandler channelRead
INFO: Detected non-HTTP/2 connection.
 {"metadata":{"emulator":{"name":"firestore"},"message":"Sep 02, 2021 2:48:49 PM io.gapi.emulators.netty.HttpVersionRoutingHandler channelRead\r\nINFO: Detected non-HTTP/2 connection.\r\n"}}
[debug] [2021-09-02T21:49:10.753Z] >>> [apiv2][query] POST http://localhost:5001/functions/projects/word-morph-image/trigger_multicast [none]
[debug] [2021-09-02T21:49:10.754Z] >>> [apiv2][body] POST http://localhost:5001/functions/projects/word-morph-image/trigger_multicast "{\"eventId\":\"1630619350753\",\"timestamp\":\"2021-09-02T14:49:10.753Z\",\"eventType\":\"google.storage.object.metadataUpdate\",\"resource\":{\"service\":\"storage.googleapis.com\",\"name\":\"projects/_/buckets/word-morph-image.appspot.com/objects/visitors/images/Mzq3fIdgGZOXeKXrN2fq6dogKgsR/Obi.png\",\"type\":\"storage#object\"},\"data\":{\"kind\":\"#storage#object\",\"name\":\"visitors/images/Mzq3fIdgGZOXeKXrN2fq6dogKgsR/Obi.png\",\"bucket\":\"word-morph-image.appspot.com\",\"generation\":\"1630619350750\",\"metageneration\":\"1\",\"contentType\":\"image/png\",\"timeCreated\":\"2021-09-02T14:49:10.749Z\",\"updated\":\"2021-09-02T14:49:10.753Z\",\"storageClass\":\"STANDARD\",\"size\":\"51459\",\"md5Hash\":\"k9L6+uPrzmIvrmdmcp+dpw==\",\"etag\":\"someETag\",\"crc32c\":\"----FQ==\",\"timeStorageClassUpdated\":\"2021-09-02T14:49:10.749Z\",\"id\":\"word-morph-image.appspot.com/visitors/images/Mzq3fIdgGZOXeKXrN2fq6dogKgsR/Obi.png/1630619350750\",\"selfLink\":\"http://localhost:9199/storage/v1/b/word-morph-image.appspot.com/o/visitors%2Fimages%2FMzq3fIdgGZOXeKXrN2fq6dogKgsR%2FObi.png\",\"mediaLink\":\"http://localhost:9199/download/storage/v1/b/word-morph-image.appspot.com/o/visitors%2Fimages%2FMzq3fIdgGZOXeKXrN2fq6dogKgsR%2FObi.png?generation=1630619350750&alt=media\"}}"
[debug] [2021-09-02T21:49:10.755Z] >>> [apiv2][query] POST http://localhost:5001/functions/projects/word-morph-image/trigger_multicast [none]
[debug] [2021-09-02T21:49:10.755Z] >>> [apiv2][body] POST http://localhost:5001/functions/projects/word-morph-image/trigger_multicast "{\"eventId\":\"1630619350755\",\"timestamp\":\"2021-09-02T14:49:10.755Z\",\"eventType\":\"google.storage.object.finalize\",\"resource\":{\"service\":\"storage.googleapis.com\",\"name\":\"projects/_/buckets/word-morph-image.appspot.com/objects/visitors/images/Mzq3fIdgGZOXeKXrN2fq6dogKgsR/Obi.png\",\"type\":\"storage#object\"},\"data\":{\"kind\":\"#storage#object\",\"name\":\"visitors/images/Mzq3fIdgGZOXeKXrN2fq6dogKgsR/Obi.png\",\"bucket\":\"word-morph-image.appspot.com\",\"generation\":\"1630619350750\",\"metageneration\":\"1\",\"contentType\":\"image/png\",\"timeCreated\":\"2021-09-02T14:49:10.749Z\",\"updated\":\"2021-09-02T14:49:10.753Z\",\"storageClass\":\"STANDARD\",\"size\":\"51459\",\"md5Hash\":\"k9L6+uPrzmIvrmdmcp+dpw==\",\"etag\":\"someETag\",\"crc32c\":\"----FQ==\",\"timeStorageClassUpdated\":\"2021-09-02T14:49:10.749Z\",\"id\":\"word-morph-image.appspot.com/visitors/images/Mzq3fIdgGZOXeKXrN2fq6dogKgsR/Obi.png/1630619350750\",\"selfLink\":\"http://localhost:9199/storage/v1/b/word-morph-image.appspot.com/o/visitors%2Fimages%2FMzq3fIdgGZOXeKXrN2fq6dogKgsR%2FObi.png\",\"mediaLink\":\"http://localhost:9199/download/storage/v1/b/word-morph-image.appspot.com/o/visitors%2Fimages%2FMzq3fIdgGZOXeKXrN2fq6dogKgsR%2FObi.png?generation=1630619350750&alt=media\"}}"
[debug] [2021-09-02T21:49:10.766Z] <<< [apiv2][status] POST http://localhost:5001/functions/projects/word-morph-image/trigger_multicast 200
[debug] [2021-09-02T21:49:10.767Z] <<< [apiv2][body] POST http://localhost:5001/functions/projects/word-morph-image/trigger_multicast {"status":"multicast_acknowledged"}
[debug] [2021-09-02T21:49:10.768Z] <<< [apiv2][status] POST http://localhost:5001/functions/projects/word-morph-image/trigger_multicast 200
[debug] [2021-09-02T21:49:10.768Z] <<< [apiv2][body] POST http://localhost:5001/functions/projects/word-morph-image/trigger_multicast {"status":"multicast_acknowledged"}
[debug] [2021-09-02T21:49:31.157Z] >>> [apiv2][query] POST http://localhost:5001/functions/projects/word-morph-image/trigger_multicast [none]
[debug] [2021-09-02T21:49:31.157Z] >>> [apiv2][body] POST http://localhost:5001/functions/projects/word-morph-image/trigger_multicast "{\"eventId\":\"1630619371157\",\"timestamp\":\"2021-09-02T14:49:31.157Z\",\"eventType\":\"google.storage.object.metadataUpdate\",\"resource\":{\"service\":\"storage.googleapis.com\",\"name\":\"projects/_/buckets/word-morph-image.appspot.com/objects/visitors/images/Mzq3fIdgGZOXeKXrN2fq6dogKgsR/is.png\",\"type\":\"storage#object\"},\"data\":{\"kind\":\"#storage#object\",\"name\":\"visitors/images/Mzq3fIdgGZOXeKXrN2fq6dogKgsR/is.png\",\"bucket\":\"word-morph-image.appspot.com\",\"generation\":\"1630619371157\",\"metageneration\":\"1\",\"contentType\":\"image/png\",\"timeCreated\":\"2021-09-02T14:49:31.156Z\",\"updated\":\"2021-09-02T14:49:31.157Z\",\"storageClass\":\"STANDARD\",\"size\":\"87083\",\"md5Hash\":\"raJ25vmVtmQGRoaP4EB24w==\",\"etag\":\"someETag\",\"crc32c\":\"----Ew==\",\"timeStorageClassUpdated\":\"2021-09-02T14:49:31.156Z\",\"id\":\"word-morph-image.appspot.com/visitors/images/Mzq3fIdgGZOXeKXrN2fq6dogKgsR/is.png/1630619371157\",\"selfLink\":\"http://localhost:9199/storage/v1/b/word-morph-image.appspot.com/o/visitors%2Fimages%2FMzq3fIdgGZOXeKXrN2fq6dogKgsR%2Fis.png\",\"mediaLink\":\"http://localhost:9199/download/storage/v1/b/word-morph-image.appspot.com/o/visitors%2Fimages%2FMzq3fIdgGZOXeKXrN2fq6dogKgsR%2Fis.png?generation=1630619371157&alt=media\"}}"
[debug] [2021-09-02T21:49:31.159Z] >>> [apiv2][query] POST http://localhost:5001/functions/projects/word-morph-image/trigger_multicast [none]
[debug] [2021-09-02T21:49:31.159Z] >>> [apiv2][body] POST http://localhost:5001/functions/projects/word-morph-image/trigger_multicast "{\"eventId\":\"1630619371159\",\"timestamp\":\"2021-09-02T14:49:31.159Z\",\"eventType\":\"google.storage.object.finalize\",\"resource\":{\"service\":\"storage.googleapis.com\",\"name\":\"projects/_/buckets/word-morph-image.appspot.com/objects/visitors/images/Mzq3fIdgGZOXeKXrN2fq6dogKgsR/is.png\",\"type\":\"storage#object\"},\"data\":{\"kind\":\"#storage#object\",\"name\":\"visitors/images/Mzq3fIdgGZOXeKXrN2fq6dogKgsR/is.png\",\"bucket\":\"word-morph-image.appspot.com\",\"generation\":\"1630619371157\",\"metageneration\":\"1\",\"contentType\":\"image/png\",\"timeCreated\":\"2021-09-02T14:49:31.156Z\",\"updated\":\"2021-09-02T14:49:31.157Z\",\"storageClass\":\"STANDARD\",\"size\":\"87083\",\"md5Hash\":\"raJ25vmVtmQGRoaP4EB24w==\",\"etag\":\"someETag\",\"crc32c\":\"----Ew==\",\"timeStorageClassUpdated\":\"2021-09-02T14:49:31.156Z\",\"id\":\"word-morph-image.appspot.com/visitors/images/Mzq3fIdgGZOXeKXrN2fq6dogKgsR/is.png/1630619371157\",\"selfLink\":\"http://localhost:9199/storage/v1/b/word-morph-image.appspot.com/o/visitors%2Fimages%2FMzq3fIdgGZOXeKXrN2fq6dogKgsR%2Fis.png\",\"mediaLink\":\"http://localhost:9199/download/storage/v1/b/word-morph-image.appspot.com/o/visitors%2Fimages%2FMzq3fIdgGZOXeKXrN2fq6dogKgsR%2Fis.png?generation=1630619371157&alt=media\"}}"
[debug] [2021-09-02T21:49:31.163Z] <<< [apiv2][status] POST http://localhost:5001/functions/projects/word-morph-image/trigger_multicast 200
[debug] [2021-09-02T21:49:31.163Z] <<< [apiv2][body] POST http://localhost:5001/functions/projects/word-morph-image/trigger_multicast {"status":"multicast_acknowledged"}
[debug] [2021-09-02T21:49:31.165Z] <<< [apiv2][status] POST http://localhost:5001/functions/projects/word-morph-image/trigger_multicast 200
[debug] [2021-09-02T21:49:31.165Z] <<< [apiv2][body] POST http://localhost:5001/functions/projects/word-morph-image/trigger_multicast {"status":"multicast_acknowledged"}
[debug] [2021-09-02T21:49:46.373Z] >>> [apiv2][query] POST http://localhost:5001/functions/projects/word-morph-image/trigger_multicast [none]
[debug] [2021-09-02T21:49:46.373Z] >>> [apiv2][body] POST http://localhost:5001/functions/projects/word-morph-image/trigger_multicast "{\"eventId\":\"1630619386373\",\"timestamp\":\"2021-09-02T14:49:46.373Z\",\"eventType\":\"google.storage.object.metadataUpdate\",\"resource\":{\"service\":\"storage.googleapis.com\",\"name\":\"projects/_/buckets/word-morph-image.appspot.com/objects/visitors/images/Mzq3fIdgGZOXeKXrN2fq6dogKgsR/Hello.png\",\"type\":\"storage#object\"},\"data\":{\"kind\":\"#storage#object\",\"name\":\"visitors/images/Mzq3fIdgGZOXeKXrN2fq6dogKgsR/Hello.png\",\"bucket\":\"word-morph-image.appspot.com\",\"generation\":\"1630619386372\",\"metageneration\":\"1\",\"contentType\":\"image/png\",\"timeCreated\":\"2021-09-02T14:49:46.371Z\",\"updated\":\"2021-09-02T14:49:46.372Z\",\"storageClass\":\"STANDARD\",\"size\":\"37006\",\"md5Hash\":\"kanGf4G/IYGygrd7w57Bag==\",\"etag\":\"someETag\",\"crc32c\":\"----9Q==\",\"timeStorageClassUpdated\":\"2021-09-02T14:49:46.371Z\",\"id\":\"word-morph-image.appspot.com/visitors/images/Mzq3fIdgGZOXeKXrN2fq6dogKgsR/Hello.png/1630619386372\",\"selfLink\":\"http://localhost:9199/storage/v1/b/word-morph-image.appspot.com/o/visitors%2Fimages%2FMzq3fIdgGZOXeKXrN2fq6dogKgsR%2FHello.png\",\"mediaLink\":\"http://localhost:9199/download/storage/v1/b/word-morph-image.appspot.com/o/visitors%2Fimages%2FMzq3fIdgGZOXeKXrN2fq6dogKgsR%2FHello.png?generation=1630619386372&alt=media\"}}"
[debug] [2021-09-02T21:49:46.375Z] >>> [apiv2][query] POST http://localhost:5001/functions/projects/word-morph-image/trigger_multicast [none]
[debug] [2021-09-02T21:49:46.375Z] >>> [apiv2][body] POST http://localhost:5001/functions/projects/word-morph-image/trigger_multicast "{\"eventId\":\"1630619386374\",\"timestamp\":\"2021-09-02T14:49:46.374Z\",\"eventType\":\"google.storage.object.finalize\",\"resource\":{\"service\":\"storage.googleapis.com\",\"name\":\"projects/_/buckets/word-morph-image.appspot.com/objects/visitors/images/Mzq3fIdgGZOXeKXrN2fq6dogKgsR/Hello.png\",\"type\":\"storage#object\"},\"data\":{\"kind\":\"#storage#object\",\"name\":\"visitors/images/Mzq3fIdgGZOXeKXrN2fq6dogKgsR/Hello.png\",\"bucket\":\"word-morph-image.appspot.com\",\"generation\":\"1630619386372\",\"metageneration\":\"1\",\"contentType\":\"image/png\",\"timeCreated\":\"2021-09-02T14:49:46.371Z\",\"updated\":\"2021-09-02T14:49:46.372Z\",\"storageClass\":\"STANDARD\",\"size\":\"37006\",\"md5Hash\":\"kanGf4G/IYGygrd7w57Bag==\",\"etag\":\"someETag\",\"crc32c\":\"----9Q==\",\"timeStorageClassUpdated\":\"2021-09-02T14:49:46.371Z\",\"id\":\"word-morph-image.appspot.com/visitors/images/Mzq3fIdgGZOXeKXrN2fq6dogKgsR/Hello.png/1630619386372\",\"selfLink\":\"http://localhost:9199/storage/v1/b/word-morph-image.appspot.com/o/visitors%2Fimages%2FMzq3fIdgGZOXeKXrN2fq6dogKgsR%2FHello.png\",\"mediaLink\":\"http://localhost:9199/download/storage/v1/b/word-morph-image.appspot.com/o/visitors%2Fimages%2FMzq3fIdgGZOXeKXrN2fq6dogKgsR%2FHello.png?generation=1630619386372&alt=media\"}}"
[debug] [2021-09-02T21:49:46.386Z] <<< [apiv2][status] POST http://localhost:5001/functions/projects/word-morph-image/trigger_multicast 200
[debug] [2021-09-02T21:49:46.386Z] <<< [apiv2][body] POST http://localhost:5001/functions/projects/word-morph-image/trigger_multicast {"status":"multicast_acknowledged"}
[debug] [2021-09-02T21:49:46.387Z] <<< [apiv2][status] POST http://localhost:5001/functions/projects/word-morph-image/trigger_multicast 200
[debug] [2021-09-02T21:49:46.388Z] <<< [apiv2][body] POST http://localhost:5001/functions/projects/word-morph-image/trigger_multicast {"status":"multicast_acknowledged"}
[debug] [2021-09-02T21:51:07.574Z] >>> [apiv2][query] POST http://localhost:5001/functions/projects/word-morph-image/trigger_multicast [none]
[debug] [2021-09-02T21:51:07.575Z] >>> [apiv2][body] POST http://localhost:5001/functions/projects/word-morph-image/trigger_multicast "{\"eventId\":\"1630619467574\",\"timestamp\":\"2021-09-02T14:51:07.574Z\",\"eventType\":\"google.storage.object.metadataUpdate\",\"resource\":{\"service\":\"storage.googleapis.com\",\"name\":\"projects/_/buckets/word-morph-image.appspot.com/objects/visitors/images/Mzq3fIdgGZOXeKXrN2fq6dogKgsR/Lorem.png\",\"type\":\"storage#object\"},\"data\":{\"kind\":\"#storage#object\",\"name\":\"visitors/images/Mzq3fIdgGZOXeKXrN2fq6dogKgsR/Lorem.png\",\"bucket\":\"word-morph-image.appspot.com\",\"generation\":\"1630619467574\",\"metageneration\":\"1\",\"contentType\":\"image/png\",\"timeCreated\":\"2021-09-02T14:51:07.573Z\",\"updated\":\"2021-09-02T14:51:07.574Z\",\"storageClass\":\"STANDARD\",\"size\":\"36389\",\"md5Hash\":\"Qiv2SlfA5Bn90dZ3aT4wjw==\",\"etag\":\"someETag\",\"crc32c\":\"----rA==\",\"timeStorageClassUpdated\":\"2021-09-02T14:51:07.573Z\",\"id\":\"word-morph-image.appspot.com/visitors/images/Mzq3fIdgGZOXeKXrN2fq6dogKgsR/Lorem.png/1630619467574\",\"selfLink\":\"http://localhost:9199/storage/v1/b/word-morph-image.appspot.com/o/visitors%2Fimages%2FMzq3fIdgGZOXeKXrN2fq6dogKgsR%2FLorem.png\",\"mediaLink\":\"http://localhost:9199/download/storage/v1/b/word-morph-image.appspot.com/o/visitors%2Fimages%2FMzq3fIdgGZOXeKXrN2fq6dogKgsR%2FLorem.png?generation=1630619467574&alt=media\"}}"
[debug] [2021-09-02T21:51:07.576Z] >>> [apiv2][query] POST http://localhost:5001/functions/projects/word-morph-image/trigger_multicast [none]
[debug] [2021-09-02T21:51:07.576Z] >>> [apiv2][body] POST http://localhost:5001/functions/projects/word-morph-image/trigger_multicast "{\"eventId\":\"1630619467576\",\"timestamp\":\"2021-09-02T14:51:07.576Z\",\"eventType\":\"google.storage.object.finalize\",\"resource\":{\"service\":\"storage.googleapis.com\",\"name\":\"projects/_/buckets/word-morph-image.appspot.com/objects/visitors/images/Mzq3fIdgGZOXeKXrN2fq6dogKgsR/Lorem.png\",\"type\":\"storage#object\"},\"data\":{\"kind\":\"#storage#object\",\"name\":\"visitors/images/Mzq3fIdgGZOXeKXrN2fq6dogKgsR/Lorem.png\",\"bucket\":\"word-morph-image.appspot.com\",\"generation\":\"1630619467574\",\"metageneration\":\"1\",\"contentType\":\"image/png\",\"timeCreated\":\"2021-09-02T14:51:07.573Z\",\"updated\":\"2021-09-02T14:51:07.574Z\",\"storageClass\":\"STANDARD\",\"size\":\"36389\",\"md5Hash\":\"Qiv2SlfA5Bn90dZ3aT4wjw==\",\"etag\":\"someETag\",\"crc32c\":\"----rA==\",\"timeStorageClassUpdated\":\"2021-09-02T14:51:07.573Z\",\"id\":\"word-morph-image.appspot.com/visitors/images/Mzq3fIdgGZOXeKXrN2fq6dogKgsR/Lorem.png/1630619467574\",\"selfLink\":\"http://localhost:9199/storage/v1/b/word-morph-image.appspot.com/o/visitors%2Fimages%2FMzq3fIdgGZOXeKXrN2fq6dogKgsR%2FLorem.png\",\"mediaLink\":\"http://localhost:9199/download/storage/v1/b/word-morph-image.appspot.com/o/visitors%2Fimages%2FMzq3fIdgGZOXeKXrN2fq6dogKgsR%2FLorem.png?generation=1630619467574&alt=media\"}}"
[debug] [2021-09-02T21:51:07.584Z] <<< [apiv2][status] POST http://localhost:5001/functions/projects/word-morph-image/trigger_multicast 200
[debug] [2021-09-02T21:51:07.584Z] <<< [apiv2][body] POST http://localhost:5001/functions/projects/word-morph-image/trigger_multicast {"status":"multicast_acknowledged"}
[debug] [2021-09-02T21:51:07.585Z] <<< [apiv2][status] POST http://localhost:5001/functions/projects/word-morph-image/trigger_multicast 200
[debug] [2021-09-02T21:51:07.585Z] <<< [apiv2][body] POST http://localhost:5001/functions/projects/word-morph-image/trigger_multicast {"status":"multicast_acknowledged"}
[debug] [2021-09-02T21:52:18.152Z] >>> [apiv2][query] POST http://localhost:5001/functions/projects/word-morph-image/trigger_multicast [none]
[debug] [2021-09-02T21:52:18.153Z] >>> [apiv2][body] POST http://localhost:5001/functions/projects/word-morph-image/trigger_multicast "{\"eventId\":\"1630619538152\",\"timestamp\":\"2021-09-02T14:52:18.152Z\",\"eventType\":\"google.storage.object.metadataUpdate\",\"resource\":{\"service\":\"storage.googleapis.com\",\"name\":\"projects/_/buckets/word-morph-image.appspot.com/objects/visitors/images/Mzq3fIdgGZOXeKXrN2fq6dogKgsR/Bla.png\",\"type\":\"storage#object\"},\"data\":{\"kind\":\"#storage#object\",\"name\":\"visitors/images/Mzq3fIdgGZOXeKXrN2fq6dogKgsR/Bla.png\",\"bucket\":\"word-morph-image.appspot.com\",\"generation\":\"1630619538153\",\"metageneration\":\"1\",\"contentType\":\"image/png\",\"timeCreated\":\"2021-09-02T14:52:18.152Z\",\"updated\":\"2021-09-02T14:52:18.152Z\",\"storageClass\":\"STANDARD\",\"size\":\"51459\",\"md5Hash\":\"k9L6+uPrzmIvrmdmcp+dpw==\",\"etag\":\"someETag\",\"crc32c\":\"----FQ==\",\"timeStorageClassUpdated\":\"2021-09-02T14:52:18.152Z\",\"id\":\"word-morph-image.appspot.com/visitors/images/Mzq3fIdgGZOXeKXrN2fq6dogKgsR/Bla.png/1630619538153\",\"selfLink\":\"http://localhost:9199/storage/v1/b/word-morph-image.appspot.com/o/visitors%2Fimages%2FMzq3fIdgGZOXeKXrN2fq6dogKgsR%2FBla.png\",\"mediaLink\":\"http://localhost:9199/download/storage/v1/b/word-morph-image.appspot.com/o/visitors%2Fimages%2FMzq3fIdgGZOXeKXrN2fq6dogKgsR%2FBla.png?generation=1630619538153&alt=media\"}}"
[debug] [2021-09-02T21:52:18.155Z] >>> [apiv2][query] POST http://localhost:5001/functions/projects/word-morph-image/trigger_multicast [none]
[debug] [2021-09-02T21:52:18.155Z] >>> [apiv2][body] POST http://localhost:5001/functions/projects/word-morph-image/trigger_multicast "{\"eventId\":\"1630619538155\",\"timestamp\":\"2021-09-02T14:52:18.155Z\",\"eventType\":\"google.storage.object.finalize\",\"resource\":{\"service\":\"storage.googleapis.com\",\"name\":\"projects/_/buckets/word-morph-image.appspot.com/objects/visitors/images/Mzq3fIdgGZOXeKXrN2fq6dogKgsR/Bla.png\",\"type\":\"storage#object\"},\"data\":{\"kind\":\"#storage#object\",\"name\":\"visitors/images/Mzq3fIdgGZOXeKXrN2fq6dogKgsR/Bla.png\",\"bucket\":\"word-morph-image.appspot.com\",\"generation\":\"1630619538153\",\"metageneration\":\"1\",\"contentType\":\"image/png\",\"timeCreated\":\"2021-09-02T14:52:18.152Z\",\"updated\":\"2021-09-02T14:52:18.152Z\",\"storageClass\":\"STANDARD\",\"size\":\"51459\",\"md5Hash\":\"k9L6+uPrzmIvrmdmcp+dpw==\",\"etag\":\"someETag\",\"crc32c\":\"----FQ==\",\"timeStorageClassUpdated\":\"2021-09-02T14:52:18.152Z\",\"id\":\"word-morph-image.appspot.com/visitors/images/Mzq3fIdgGZOXeKXrN2fq6dogKgsR/Bla.png/1630619538153\",\"selfLink\":\"http://localhost:9199/storage/v1/b/word-morph-image.appspot.com/o/visitors%2Fimages%2FMzq3fIdgGZOXeKXrN2fq6dogKgsR%2FBla.png\",\"mediaLink\":\"http://localhost:9199/download/storage/v1/b/word-morph-image.appspot.com/o/visitors%2Fimages%2FMzq3fIdgGZOXeKXrN2fq6dogKgsR%2FBla.png?generation=1630619538153&alt=media\"}}"
[debug] [2021-09-02T21:52:18.163Z] <<< [apiv2][status] POST http://localhost:5001/functions/projects/word-morph-image/trigger_multicast 200
[debug] [2021-09-02T21:52:18.163Z] <<< [apiv2][body] POST http://localhost:5001/functions/projects/word-morph-image/trigger_multicast {"status":"multicast_acknowledged"}
[debug] [2021-09-02T21:52:18.165Z] <<< [apiv2][status] POST http://localhost:5001/functions/projects/word-morph-image/trigger_multicast 200
[debug] [2021-09-02T21:52:18.165Z] <<< [apiv2][body] POST http://localhost:5001/functions/projects/word-morph-image/trigger_multicast {"status":"multicast_acknowledged"}
[debug] [2021-09-02T21:52:36.943Z] >>> [apiv2][query] POST http://localhost:5001/functions/projects/word-morph-image/trigger_multicast [none]
[debug] [2021-09-02T21:52:36.944Z] >>> [apiv2][body] POST http://localhost:5001/functions/projects/word-morph-image/trigger_multicast "{\"eventId\":\"1630619556943\",\"timestamp\":\"2021-09-02T14:52:36.943Z\",\"eventType\":\"google.storage.object.metadataUpdate\",\"resource\":{\"service\":\"storage.googleapis.com\",\"name\":\"projects/_/buckets/word-morph-image.appspot.com/objects/visitors/images/Mzq3fIdgGZOXeKXrN2fq6dogKgsR/Ipsum.svg+xml\",\"type\":\"storage#object\"},\"data\":{\"kind\":\"#storage#object\",\"name\":\"visitors/images/Mzq3fIdgGZOXeKXrN2fq6dogKgsR/Ipsum.svg+xml\",\"bucket\":\"word-morph-image.appspot.com\",\"generation\":\"1630619556944\",\"metageneration\":\"1\",\"contentType\":\"image/svg+xml\",\"timeCreated\":\"2021-09-02T14:52:36.943Z\",\"updated\":\"2021-09-02T14:52:36.943Z\",\"storageClass\":\"STANDARD\",\"size\":\"23998\",\"md5Hash\":\"AkacEDJLHhEPXOlITO4SvQ==\",\"etag\":\"someETag\",\"crc32c\":\"----Vg==\",\"timeStorageClassUpdated\":\"2021-09-02T14:52:36.943Z\",\"id\":\"word-morph-image.appspot.com/visitors/images/Mzq3fIdgGZOXeKXrN2fq6dogKgsR/Ipsum.svg+xml/1630619556944\",\"selfLink\":\"http://localhost:9199/storage/v1/b/word-morph-image.appspot.com/o/visitors%2Fimages%2FMzq3fIdgGZOXeKXrN2fq6dogKgsR%2FIpsum.svg%2Bxml\",\"mediaLink\":\"http://localhost:9199/download/storage/v1/b/word-morph-image.appspot.com/o/visitors%2Fimages%2FMzq3fIdgGZOXeKXrN2fq6dogKgsR%2FIpsum.svg%2Bxml?generation=1630619556944&alt=media\"}}"
[debug] [2021-09-02T21:52:36.945Z] >>> [apiv2][query] POST http://localhost:5001/functions/projects/word-morph-image/trigger_multicast [none]
[debug] [2021-09-02T21:52:36.946Z] >>> [apiv2][body] POST http://localhost:5001/functions/projects/word-morph-image/trigger_multicast "{\"eventId\":\"1630619556945\",\"timestamp\":\"2021-09-02T14:52:36.945Z\",\"eventType\":\"google.storage.object.finalize\",\"resource\":{\"service\":\"storage.googleapis.com\",\"name\":\"projects/_/buckets/word-morph-image.appspot.com/objects/visitors/images/Mzq3fIdgGZOXeKXrN2fq6dogKgsR/Ipsum.svg+xml\",\"type\":\"storage#object\"},\"data\":{\"kind\":\"#storage#object\",\"name\":\"visitors/images/Mzq3fIdgGZOXeKXrN2fq6dogKgsR/Ipsum.svg+xml\",\"bucket\":\"word-morph-image.appspot.com\",\"generation\":\"1630619556944\",\"metageneration\":\"1\",\"contentType\":\"image/svg+xml\",\"timeCreated\":\"2021-09-02T14:52:36.943Z\",\"updated\":\"2021-09-02T14:52:36.943Z\",\"storageClass\":\"STANDARD\",\"size\":\"23998\",\"md5Hash\":\"AkacEDJLHhEPXOlITO4SvQ==\",\"etag\":\"someETag\",\"crc32c\":\"----Vg==\",\"timeStorageClassUpdated\":\"2021-09-02T14:52:36.943Z\",\"id\":\"word-morph-image.appspot.com/visitors/images/Mzq3fIdgGZOXeKXrN2fq6dogKgsR/Ipsum.svg+xml/1630619556944\",\"selfLink\":\"http://localhost:9199/storage/v1/b/word-morph-image.appspot.com/o/visitors%2Fimages%2FMzq3fIdgGZOXeKXrN2fq6dogKgsR%2FIpsum.svg%2Bxml\",\"mediaLink\":\"http://localhost:9199/download/storage/v1/b/word-morph-image.appspot.com/o/visitors%2Fimages%2FMzq3fIdgGZOXeKXrN2fq6dogKgsR%2FIpsum.svg%2Bxml?generation=1630619556944&alt=media\"}}"
[debug] [2021-09-02T21:52:36.957Z] <<< [apiv2][status] POST http://localhost:5001/functions/projects/word-morph-image/trigger_multicast 200
[debug] [2021-09-02T21:52:36.957Z] <<< [apiv2][body] POST http://localhost:5001/functions/projects/word-morph-image/trigger_multicast {"status":"multicast_acknowledged"}
[debug] [2021-09-02T21:52:36.959Z] <<< [apiv2][status] POST http://localhost:5001/functions/projects/word-morph-image/trigger_multicast 200
[debug] [2021-09-02T21:52:36.959Z] <<< [apiv2][body] POST http://localhost:5001/functions/projects/word-morph-image/trigger_multicast {"status":"multicast_acknowledged"}
[debug] [2021-09-02T21:54:43.672Z] Sep 02, 2021 2:54:43 PM io.gapi.emulators.netty.HttpVersionRoutingHandler channelRead
INFO: Detected non-HTTP/2 connection.
 {"metadata":{"emulator":{"name":"firestore"},"message":"Sep 02, 2021 2:54:43 PM io.gapi.emulators.netty.HttpVersionRoutingHandler channelRead\r\nINFO: Detected non-HTTP/2 connection.\r\n"}}
[debug] [2021-09-02T21:55:47.109Z] Sep 02, 2021 2:55:47 PM io.gapi.emulators.netty.HttpVersionRoutingHandler channelRead
INFO: Detected non-HTTP/2 connection.
 {"metadata":{"emulator":{"name":"firestore"},"message":"Sep 02, 2021 2:55:47 PM io.gapi.emulators.netty.HttpVersionRoutingHandler channelRead\r\nINFO: Detected non-HTTP/2 connection.\r\n"}}
[debug] [2021-09-02T21:56:03.786Z] Sep 02, 2021 2:56:03 PM io.gapi.emulators.netty.HttpVersionRoutingHandler channelRead
INFO: Detected non-HTTP/2 connection.
 {"metadata":{"emulator":{"name":"firestore"},"message":"Sep 02, 2021 2:56:03 PM io.gapi.emulators.netty.HttpVersionRoutingHandler channelRead\r\nINFO: Detected non-HTTP/2 connection.\r\n"}}
[debug] [2021-09-02T21:56:07.524Z] Sep 02, 2021 2:56:07 PM io.gapi.emulators.netty.HttpVersionRoutingHandler channelRead
INFO: Detected non-HTTP/2 connection.
 {"metadata":{"emulator":{"name":"firestore"},"message":"Sep 02, 2021 2:56:07 PM io.gapi.emulators.netty.HttpVersionRoutingHandler channelRead\r\nINFO: Detected non-HTTP/2 connection.\r\n"}}
[debug] [2021-09-02T22:05:34.243Z] >>> [apiv2][query] POST http://localhost:5001/functions/projects/word-morph-image/trigger_multicast [none]
[debug] [2021-09-02T22:05:34.243Z] >>> [apiv2][body] POST http://localhost:5001/functions/projects/word-morph-image/trigger_multicast "{\"eventId\":\"1630620334242\",\"timestamp\":\"2021-09-02T15:05:34.242Z\",\"eventType\":\"google.storage.object.metadataUpdate\",\"resource\":{\"service\":\"storage.googleapis.com\",\"name\":\"projects/_/buckets/word-morph-image.appspot.com/objects/visitors/images/Mzq3fIdgGZOXeKXrN2fq6dogKgsR/Hello.png\",\"type\":\"storage#object\"},\"data\":{\"kind\":\"#storage#object\",\"name\":\"visitors/images/Mzq3fIdgGZOXeKXrN2fq6dogKgsR/Hello.png\",\"bucket\":\"word-morph-image.appspot.com\",\"generation\":\"1630620334241\",\"metageneration\":\"1\",\"contentType\":\"image/png\",\"timeCreated\":\"2021-09-02T15:05:34.240Z\",\"updated\":\"2021-09-02T15:05:34.242Z\",\"storageClass\":\"STANDARD\",\"size\":\"87679\",\"md5Hash\":\"H0X95KrDsbgahTcsTHP0Mw==\",\"etag\":\"someETag\",\"crc32c\":\"----Ng==\",\"timeStorageClassUpdated\":\"2021-09-02T15:05:34.240Z\",\"id\":\"word-morph-image.appspot.com/visitors/images/Mzq3fIdgGZOXeKXrN2fq6dogKgsR/Hello.png/1630620334241\",\"selfLink\":\"http://localhost:9199/storage/v1/b/word-morph-image.appspot.com/o/visitors%2Fimages%2FMzq3fIdgGZOXeKXrN2fq6dogKgsR%2FHello.png\",\"mediaLink\":\"http://localhost:9199/download/storage/v1/b/word-morph-image.appspot.com/o/visitors%2Fimages%2FMzq3fIdgGZOXeKXrN2fq6dogKgsR%2FHello.png?generation=1630620334241&alt=media\"}}"
[debug] [2021-09-02T22:05:34.246Z] >>> [apiv2][query] POST http://localhost:5001/functions/projects/word-morph-image/trigger_multicast [none]
[debug] [2021-09-02T22:05:34.246Z] >>> [apiv2][body] POST http://localhost:5001/functions/projects/word-morph-image/trigger_multicast "{\"eventId\":\"1630620334246\",\"timestamp\":\"2021-09-02T15:05:34.246Z\",\"eventType\":\"google.storage.object.finalize\",\"resource\":{\"service\":\"storage.googleapis.com\",\"name\":\"projects/_/buckets/word-morph-image.appspot.com/objects/visitors/images/Mzq3fIdgGZOXeKXrN2fq6dogKgsR/Hello.png\",\"type\":\"storage#object\"},\"data\":{\"kind\":\"#storage#object\",\"name\":\"visitors/images/Mzq3fIdgGZOXeKXrN2fq6dogKgsR/Hello.png\",\"bucket\":\"word-morph-image.appspot.com\",\"generation\":\"1630620334241\",\"metageneration\":\"1\",\"contentType\":\"image/png\",\"timeCreated\":\"2021-09-02T15:05:34.240Z\",\"updated\":\"2021-09-02T15:05:34.242Z\",\"storageClass\":\"STANDARD\",\"size\":\"87679\",\"md5Hash\":\"H0X95KrDsbgahTcsTHP0Mw==\",\"etag\":\"someETag\",\"crc32c\":\"----Ng==\",\"timeStorageClassUpdated\":\"2021-09-02T15:05:34.240Z\",\"id\":\"word-morph-image.appspot.com/visitors/images/Mzq3fIdgGZOXeKXrN2fq6dogKgsR/Hello.png/1630620334241\",\"selfLink\":\"http://localhost:9199/storage/v1/b/word-morph-image.appspot.com/o/visitors%2Fimages%2FMzq3fIdgGZOXeKXrN2fq6dogKgsR%2FHello.png\",\"mediaLink\":\"http://localhost:9199/download/storage/v1/b/word-morph-image.appspot.com/o/visitors%2Fimages%2FMzq3fIdgGZOXeKXrN2fq6dogKgsR%2FHello.png?generation=1630620334241&alt=media\"}}"
[debug] [2021-09-02T22:05:34.264Z] <<< [apiv2][status] POST http://localhost:5001/functions/projects/word-morph-image/trigger_multicast 200
[debug] [2021-09-02T22:05:34.265Z] <<< [apiv2][body] POST http://localhost:5001/functions/projects/word-morph-image/trigger_multicast {"status":"multicast_acknowledged"}
[debug] [2021-09-02T22:05:34.266Z] <<< [apiv2][status] POST http://localhost:5001/functions/projects/word-morph-image/trigger_multicast 200
[debug] [2021-09-02T22:05:34.267Z] <<< [apiv2][body] POST http://localhost:5001/functions/projects/word-morph-image/trigger_multicast {"status":"multicast_acknowledged"}
[debug] [2021-09-02T22:09:21.944Z] >>> [apiv2][query] POST http://localhost:5001/functions/projects/word-morph-image/trigger_multicast [none]
[debug] [2021-09-02T22:09:21.945Z] >>> [apiv2][body] POST http://localhost:5001/functions/projects/word-morph-image/trigger_multicast "{\"eventId\":\"1630620561944\",\"timestamp\":\"2021-09-02T15:09:21.944Z\",\"eventType\":\"google.storage.object.metadataUpdate\",\"resource\":{\"service\":\"storage.googleapis.com\",\"name\":\"projects/_/buckets/word-morph-image.appspot.com/objects/visitors/images/Mzq3fIdgGZOXeKXrN2fq6dogKgsR/Goodbye.png\",\"type\":\"storage#object\"},\"data\":{\"kind\":\"#storage#object\",\"name\":\"visitors/images/Mzq3fIdgGZOXeKXrN2fq6dogKgsR/Goodbye.png\",\"bucket\":\"word-morph-image.appspot.com\",\"generation\":\"1630620561944\",\"metageneration\":\"1\",\"contentType\":\"image/png\",\"timeCreated\":\"2021-09-02T15:09:21.943Z\",\"updated\":\"2021-09-02T15:09:21.944Z\",\"storageClass\":\"STANDARD\",\"size\":\"51459\",\"md5Hash\":\"k9L6+uPrzmIvrmdmcp+dpw==\",\"etag\":\"someETag\",\"crc32c\":\"----FQ==\",\"timeStorageClassUpdated\":\"2021-09-02T15:09:21.943Z\",\"id\":\"word-morph-image.appspot.com/visitors/images/Mzq3fIdgGZOXeKXrN2fq6dogKgsR/Goodbye.png/1630620561944\",\"selfLink\":\"http://localhost:9199/storage/v1/b/word-morph-image.appspot.com/o/visitors%2Fimages%2FMzq3fIdgGZOXeKXrN2fq6dogKgsR%2FGoodbye.png\",\"mediaLink\":\"http://localhost:9199/download/storage/v1/b/word-morph-image.appspot.com/o/visitors%2Fimages%2FMzq3fIdgGZOXeKXrN2fq6dogKgsR%2FGoodbye.png?generation=1630620561944&alt=media\"}}"
[debug] [2021-09-02T22:09:21.947Z] >>> [apiv2][query] POST http://localhost:5001/functions/projects/word-morph-image/trigger_multicast [none]
[debug] [2021-09-02T22:09:21.947Z] >>> [apiv2][body] POST http://localhost:5001/functions/projects/word-morph-image/trigger_multicast "{\"eventId\":\"1630620561947\",\"timestamp\":\"2021-09-02T15:09:21.947Z\",\"eventType\":\"google.storage.object.finalize\",\"resource\":{\"service\":\"storage.googleapis.com\",\"name\":\"projects/_/buckets/word-morph-image.appspot.com/objects/visitors/images/Mzq3fIdgGZOXeKXrN2fq6dogKgsR/Goodbye.png\",\"type\":\"storage#object\"},\"data\":{\"kind\":\"#storage#object\",\"name\":\"visitors/images/Mzq3fIdgGZOXeKXrN2fq6dogKgsR/Goodbye.png\",\"bucket\":\"word-morph-image.appspot.com\",\"generation\":\"1630620561944\",\"metageneration\":\"1\",\"contentType\":\"image/png\",\"timeCreated\":\"2021-09-02T15:09:21.943Z\",\"updated\":\"2021-09-02T15:09:21.944Z\",\"storageClass\":\"STANDARD\",\"size\":\"51459\",\"md5Hash\":\"k9L6+uPrzmIvrmdmcp+dpw==\",\"etag\":\"someETag\",\"crc32c\":\"----FQ==\",\"timeStorageClassUpdated\":\"2021-09-02T15:09:21.943Z\",\"id\":\"word-morph-image.appspot.com/visitors/images/Mzq3fIdgGZOXeKXrN2fq6dogKgsR/Goodbye.png/1630620561944\",\"selfLink\":\"http://localhost:9199/storage/v1/b/word-morph-image.appspot.com/o/visitors%2Fimages%2FMzq3fIdgGZOXeKXrN2fq6dogKgsR%2FGoodbye.png\",\"mediaLink\":\"http://localhost:9199/download/storage/v1/b/word-morph-image.appspot.com/o/visitors%2Fimages%2FMzq3fIdgGZOXeKXrN2fq6dogKgsR%2FGoodbye.png?generation=1630620561944&alt=media\"}}"
[debug] [2021-09-02T22:09:21.959Z] <<< [apiv2][status] POST http://localhost:5001/functions/projects/word-morph-image/trigger_multicast 200
[debug] [2021-09-02T22:09:21.960Z] <<< [apiv2][body] POST http://localhost:5001/functions/projects/word-morph-image/trigger_multicast {"status":"multicast_acknowledged"}
[debug] [2021-09-02T22:09:21.963Z] <<< [apiv2][status] POST http://localhost:5001/functions/projects/word-morph-image/trigger_multicast 200
[debug] [2021-09-02T22:09:21.963Z] <<< [apiv2][body] POST http://localhost:5001/functions/projects/word-morph-image/trigger_multicast {"status":"multicast_acknowledged"}
[debug] [2021-09-02T22:09:54.451Z] >>> [apiv2][query] POST http://localhost:5001/functions/projects/word-morph-image/trigger_multicast [none]
[debug] [2021-09-02T22:09:54.451Z] >>> [apiv2][body] POST http://localhost:5001/functions/projects/word-morph-image/trigger_multicast "{\"eventId\":\"1630620594451\",\"timestamp\":\"2021-09-02T15:09:54.451Z\",\"eventType\":\"google.storage.object.metadataUpdate\",\"resource\":{\"service\":\"storage.googleapis.com\",\"name\":\"projects/_/buckets/word-morph-image.appspot.com/objects/visitors/images/Mzq3fIdgGZOXeKXrN2fq6dogKgsR/Hello.png\",\"type\":\"storage#object\"},\"data\":{\"kind\":\"#storage#object\",\"name\":\"visitors/images/Mzq3fIdgGZOXeKXrN2fq6dogKgsR/Hello.png\",\"bucket\":\"word-morph-image.appspot.com\",\"generation\":\"1630620594451\",\"metageneration\":\"1\",\"contentType\":\"image/png\",\"timeCreated\":\"2021-09-02T15:09:54.450Z\",\"updated\":\"2021-09-02T15:09:54.451Z\",\"storageClass\":\"STANDARD\",\"size\":\"87679\",\"md5Hash\":\"H0X95KrDsbgahTcsTHP0Mw==\",\"etag\":\"someETag\",\"crc32c\":\"----Ng==\",\"timeStorageClassUpdated\":\"2021-09-02T15:09:54.450Z\",\"id\":\"word-morph-image.appspot.com/visitors/images/Mzq3fIdgGZOXeKXrN2fq6dogKgsR/Hello.png/1630620594451\",\"selfLink\":\"http://localhost:9199/storage/v1/b/word-morph-image.appspot.com/o/visitors%2Fimages%2FMzq3fIdgGZOXeKXrN2fq6dogKgsR%2FHello.png\",\"mediaLink\":\"http://localhost:9199/download/storage/v1/b/word-morph-image.appspot.com/o/visitors%2Fimages%2FMzq3fIdgGZOXeKXrN2fq6dogKgsR%2FHello.png?generation=1630620594451&alt=media\"}}"
[debug] [2021-09-02T22:09:54.452Z] >>> [apiv2][query] POST http://localhost:5001/functions/projects/word-morph-image/trigger_multicast [none]
[debug] [2021-09-02T22:09:54.453Z] >>> [apiv2][body] POST http://localhost:5001/functions/projects/word-morph-image/trigger_multicast "{\"eventId\":\"1630620594452\",\"timestamp\":\"2021-09-02T15:09:54.452Z\",\"eventType\":\"google.storage.object.finalize\",\"resource\":{\"service\":\"storage.googleapis.com\",\"name\":\"projects/_/buckets/word-morph-image.appspot.com/objects/visitors/images/Mzq3fIdgGZOXeKXrN2fq6dogKgsR/Hello.png\",\"type\":\"storage#object\"},\"data\":{\"kind\":\"#storage#object\",\"name\":\"visitors/images/Mzq3fIdgGZOXeKXrN2fq6dogKgsR/Hello.png\",\"bucket\":\"word-morph-image.appspot.com\",\"generation\":\"1630620594451\",\"metageneration\":\"1\",\"contentType\":\"image/png\",\"timeCreated\":\"2021-09-02T15:09:54.450Z\",\"updated\":\"2021-09-02T15:09:54.451Z\",\"storageClass\":\"STANDARD\",\"size\":\"87679\",\"md5Hash\":\"H0X95KrDsbgahTcsTHP0Mw==\",\"etag\":\"someETag\",\"crc32c\":\"----Ng==\",\"timeStorageClassUpdated\":\"2021-09-02T15:09:54.450Z\",\"id\":\"word-morph-image.appspot.com/visitors/images/Mzq3fIdgGZOXeKXrN2fq6dogKgsR/Hello.png/1630620594451\",\"selfLink\":\"http://localhost:9199/storage/v1/b/word-morph-image.appspot.com/o/visitors%2Fimages%2FMzq3fIdgGZOXeKXrN2fq6dogKgsR%2FHello.png\",\"mediaLink\":\"http://localhost:9199/download/storage/v1/b/word-morph-image.appspot.com/o/visitors%2Fimages%2FMzq3fIdgGZOXeKXrN2fq6dogKgsR%2FHello.png?generation=1630620594451&alt=media\"}}"
[debug] [2021-09-02T22:09:54.458Z] <<< [apiv2][status] POST http://localhost:5001/functions/projects/word-morph-image/trigger_multicast 200
[debug] [2021-09-02T22:09:54.458Z] <<< [apiv2][body] POST http://localhost:5001/functions/projects/word-morph-image/trigger_multicast {"status":"multicast_acknowledged"}
[debug] [2021-09-02T22:09:54.459Z] <<< [apiv2][status] POST http://localhost:5001/functions/projects/word-morph-image/trigger_multicast 200
[debug] [2021-09-02T22:09:54.459Z] <<< [apiv2][body] POST http://localhost:5001/functions/projects/word-morph-image/trigger_multicast {"status":"multicast_acknowledged"}
[debug] [2021-09-02T22:11:18.069Z] Sep 02, 2021 3:11:18 PM io.gapi.emulators.netty.HttpVersionRoutingHandler channelRead
INFO: Detected non-HTTP/2 connection.
 {"metadata":{"emulator":{"name":"firestore"},"message":"Sep 02, 2021 3:11:18 PM io.gapi.emulators.netty.HttpVersionRoutingHandler channelRead\r\nINFO: Detected non-HTTP/2 connection.\r\n"}}
[debug] [2021-09-02T22:11:37.681Z] >>> [apiv2][query] POST http://localhost:5001/functions/projects/word-morph-image/trigger_multicast [none]
[debug] [2021-09-02T22:11:37.681Z] >>> [apiv2][body] POST http://localhost:5001/functions/projects/word-morph-image/trigger_multicast "{\"eventId\":\"1630620697680\",\"timestamp\":\"2021-09-02T15:11:37.680Z\",\"eventType\":\"google.storage.object.metadataUpdate\",\"resource\":{\"service\":\"storage.googleapis.com\",\"name\":\"projects/_/buckets/word-morph-image.appspot.com/objects/visitors/images/Mzq3fIdgGZOXeKXrN2fq6dogKgsR/Lorem.png\",\"type\":\"storage#object\"},\"data\":{\"kind\":\"#storage#object\",\"name\":\"visitors/images/Mzq3fIdgGZOXeKXrN2fq6dogKgsR/Lorem.png\",\"bucket\":\"word-morph-image.appspot.com\",\"generation\":\"1630620697681\",\"metageneration\":\"1\",\"contentType\":\"image/png\",\"timeCreated\":\"2021-09-02T15:11:37.680Z\",\"updated\":\"2021-09-02T15:11:37.680Z\",\"storageClass\":\"STANDARD\",\"size\":\"51459\",\"md5Hash\":\"k9L6+uPrzmIvrmdmcp+dpw==\",\"etag\":\"someETag\",\"crc32c\":\"----FQ==\",\"timeStorageClassUpdated\":\"2021-09-02T15:11:37.680Z\",\"id\":\"word-morph-image.appspot.com/visitors/images/Mzq3fIdgGZOXeKXrN2fq6dogKgsR/Lorem.png/1630620697681\",\"selfLink\":\"http://localhost:9199/storage/v1/b/word-morph-image.appspot.com/o/visitors%2Fimages%2FMzq3fIdgGZOXeKXrN2fq6dogKgsR%2FLorem.png\",\"mediaLink\":\"http://localhost:9199/download/storage/v1/b/word-morph-image.appspot.com/o/visitors%2Fimages%2FMzq3fIdgGZOXeKXrN2fq6dogKgsR%2FLorem.png?generation=1630620697681&alt=media\"}}"
[debug] [2021-09-02T22:11:37.684Z] >>> [apiv2][query] POST http://localhost:5001/functions/projects/word-morph-image/trigger_multicast [none]
[debug] [2021-09-02T22:11:37.684Z] >>> [apiv2][body] POST http://localhost:5001/functions/projects/word-morph-image/trigger_multicast "{\"eventId\":\"1630620697683\",\"timestamp\":\"2021-09-02T15:11:37.683Z\",\"eventType\":\"google.storage.object.finalize\",\"resource\":{\"service\":\"storage.googleapis.com\",\"name\":\"projects/_/buckets/word-morph-image.appspot.com/objects/visitors/images/Mzq3fIdgGZOXeKXrN2fq6dogKgsR/Lorem.png\",\"type\":\"storage#object\"},\"data\":{\"kind\":\"#storage#object\",\"name\":\"visitors/images/Mzq3fIdgGZOXeKXrN2fq6dogKgsR/Lorem.png\",\"bucket\":\"word-morph-image.appspot.com\",\"generation\":\"1630620697681\",\"metageneration\":\"1\",\"contentType\":\"image/png\",\"timeCreated\":\"2021-09-02T15:11:37.680Z\",\"updated\":\"2021-09-02T15:11:37.680Z\",\"storageClass\":\"STANDARD\",\"size\":\"51459\",\"md5Hash\":\"k9L6+uPrzmIvrmdmcp+dpw==\",\"etag\":\"someETag\",\"crc32c\":\"----FQ==\",\"timeStorageClassUpdated\":\"2021-09-02T15:11:37.680Z\",\"id\":\"word-morph-image.appspot.com/visitors/images/Mzq3fIdgGZOXeKXrN2fq6dogKgsR/Lorem.png/1630620697681\",\"selfLink\":\"http://localhost:9199/storage/v1/b/word-morph-image.appspot.com/o/visitors%2Fimages%2FMzq3fIdgGZOXeKXrN2fq6dogKgsR%2FLorem.png\",\"mediaLink\":\"http://localhost:9199/download/storage/v1/b/word-morph-image.appspot.com/o/visitors%2Fimages%2FMzq3fIdgGZOXeKXrN2fq6dogKgsR%2FLorem.png?generation=1630620697681&alt=media\"}}"
[debug] [2021-09-02T22:11:37.690Z] <<< [apiv2][status] POST http://localhost:5001/functions/projects/word-morph-image/trigger_multicast 200
[debug] [2021-09-02T22:11:37.691Z] <<< [apiv2][body] POST http://localhost:5001/functions/projects/word-morph-image/trigger_multicast {"status":"multicast_acknowledged"}
[debug] [2021-09-02T22:11:37.692Z] <<< [apiv2][status] POST http://localhost:5001/functions/projects/word-morph-image/trigger_multicast 200
[debug] [2021-09-02T22:11:37.693Z] <<< [apiv2][body] POST http://localhost:5001/functions/projects/word-morph-image/trigger_multicast {"status":"multicast_acknowledged"}
[debug] [2021-09-02T22:12:21.913Z] Sep 02, 2021 3:12:21 PM io.gapi.emulators.netty.HttpVersionRoutingHandler channelRead
INFO: Detected non-HTTP/2 connection.
 {"metadata":{"emulator":{"name":"firestore"},"message":"Sep 02, 2021 3:12:21 PM io.gapi.emulators.netty.HttpVersionRoutingHandler channelRead\r\nINFO: Detected non-HTTP/2 connection.\r\n"}}
[debug] [2021-09-02T22:13:42.944Z] >>> [apiv2][query] POST http://localhost:5001/functions/projects/word-morph-image/trigger_multicast [none]
[debug] [2021-09-02T22:13:42.945Z] >>> [apiv2][body] POST http://localhost:5001/functions/projects/word-morph-image/trigger_multicast "{\"eventId\":\"1630620822944\",\"timestamp\":\"2021-09-02T15:13:42.944Z\",\"eventType\":\"google.storage.object.metadataUpdate\",\"resource\":{\"service\":\"storage.googleapis.com\",\"name\":\"projects/_/buckets/word-morph-image.appspot.com/objects/visitors/images/Mzq3fIdgGZOXeKXrN2fq6dogKgsR/Ipsim.png\",\"type\":\"storage#object\"},\"data\":{\"kind\":\"#storage#object\",\"name\":\"visitors/images/Mzq3fIdgGZOXeKXrN2fq6dogKgsR/Ipsim.png\",\"bucket\":\"word-morph-image.appspot.com\",\"generation\":\"1630620822943\",\"metageneration\":\"1\",\"contentType\":\"image/png\",\"timeCreated\":\"2021-09-02T15:13:42.942Z\",\"updated\":\"2021-09-02T15:13:42.944Z\",\"storageClass\":\"STANDARD\",\"size\":\"87679\",\"md5Hash\":\"H0X95KrDsbgahTcsTHP0Mw==\",\"etag\":\"someETag\",\"crc32c\":\"----Ng==\",\"timeStorageClassUpdated\":\"2021-09-02T15:13:42.942Z\",\"id\":\"word-morph-image.appspot.com/visitors/images/Mzq3fIdgGZOXeKXrN2fq6dogKgsR/Ipsim.png/1630620822943\",\"selfLink\":\"http://localhost:9199/storage/v1/b/word-morph-image.appspot.com/o/visitors%2Fimages%2FMzq3fIdgGZOXeKXrN2fq6dogKgsR%2FIpsim.png\",\"mediaLink\":\"http://localhost:9199/download/storage/v1/b/word-morph-image.appspot.com/o/visitors%2Fimages%2FMzq3fIdgGZOXeKXrN2fq6dogKgsR%2FIpsim.png?generation=1630620822943&alt=media\"}}"
[debug] [2021-09-02T22:13:42.946Z] >>> [apiv2][query] POST http://localhost:5001/functions/projects/word-morph-image/trigger_multicast [none]
[debug] [2021-09-02T22:13:42.947Z] >>> [apiv2][body] POST http://localhost:5001/functions/projects/word-morph-image/trigger_multicast "{\"eventId\":\"1630620822946\",\"timestamp\":\"2021-09-02T15:13:42.946Z\",\"eventType\":\"google.storage.object.finalize\",\"resource\":{\"service\":\"storage.googleapis.com\",\"name\":\"projects/_/buckets/word-morph-image.appspot.com/objects/visitors/images/Mzq3fIdgGZOXeKXrN2fq6dogKgsR/Ipsim.png\",\"type\":\"storage#object\"},\"data\":{\"kind\":\"#storage#object\",\"name\":\"visitors/images/Mzq3fIdgGZOXeKXrN2fq6dogKgsR/Ipsim.png\",\"bucket\":\"word-morph-image.appspot.com\",\"generation\":\"1630620822943\",\"metageneration\":\"1\",\"contentType\":\"image/png\",\"timeCreated\":\"2021-09-02T15:13:42.942Z\",\"updated\":\"2021-09-02T15:13:42.944Z\",\"storageClass\":\"STANDARD\",\"size\":\"87679\",\"md5Hash\":\"H0X95KrDsbgahTcsTHP0Mw==\",\"etag\":\"someETag\",\"crc32c\":\"----Ng==\",\"timeStorageClassUpdated\":\"2021-09-02T15:13:42.942Z\",\"id\":\"word-morph-image.appspot.com/visitors/images/Mzq3fIdgGZOXeKXrN2fq6dogKgsR/Ipsim.png/1630620822943\",\"selfLink\":\"http://localhost:9199/storage/v1/b/word-morph-image.appspot.com/o/visitors%2Fimages%2FMzq3fIdgGZOXeKXrN2fq6dogKgsR%2FIpsim.png\",\"mediaLink\":\"http://localhost:9199/download/storage/v1/b/word-morph-image.appspot.com/o/visitors%2Fimages%2FMzq3fIdgGZOXeKXrN2fq6dogKgsR%2FIpsim.png?generation=1630620822943&alt=media\"}}"
[debug] [2021-09-02T22:13:42.956Z] <<< [apiv2][status] POST http://localhost:5001/functions/projects/word-morph-image/trigger_multicast 200
[debug] [2021-09-02T22:13:42.956Z] <<< [apiv2][body] POST http://localhost:5001/functions/projects/word-morph-image/trigger_multicast {"status":"multicast_acknowledged"}
[debug] [2021-09-02T22:13:42.957Z] <<< [apiv2][status] POST http://localhost:5001/functions/projects/word-morph-image/trigger_multicast 200
[debug] [2021-09-02T22:13:42.957Z] <<< [apiv2][body] POST http://localhost:5001/functions/projects/word-morph-image/trigger_multicast {"status":"multicast_acknowledged"}
[debug] [2021-09-02T22:13:51.922Z] >>> [apiv2][query] POST http://localhost:5001/functions/projects/word-morph-image/trigger_multicast [none]
[debug] [2021-09-02T22:13:51.922Z] >>> [apiv2][body] POST http://localhost:5001/functions/projects/word-morph-image/trigger_multicast "{\"eventId\":\"1630620831922\",\"timestamp\":\"2021-09-02T15:13:51.922Z\",\"eventType\":\"google.storage.object.metadataUpdate\",\"resource\":{\"service\":\"storage.googleapis.com\",\"name\":\"projects/_/buckets/word-morph-image.appspot.com/objects/visitors/images/Mzq3fIdgGZOXeKXrN2fq6dogKgsR/Lorem.png\",\"type\":\"storage#object\"},\"data\":{\"kind\":\"#storage#object\",\"name\":\"visitors/images/Mzq3fIdgGZOXeKXrN2fq6dogKgsR/Lorem.png\",\"bucket\":\"word-morph-image.appspot.com\",\"generation\":\"1630620831922\",\"metageneration\":\"1\",\"contentType\":\"image/png\",\"timeCreated\":\"2021-09-02T15:13:51.921Z\",\"updated\":\"2021-09-02T15:13:51.921Z\",\"storageClass\":\"STANDARD\",\"size\":\"37006\",\"md5Hash\":\"kanGf4G/IYGygrd7w57Bag==\",\"etag\":\"someETag\",\"crc32c\":\"----9Q==\",\"timeStorageClassUpdated\":\"2021-09-02T15:13:51.921Z\",\"id\":\"word-morph-image.appspot.com/visitors/images/Mzq3fIdgGZOXeKXrN2fq6dogKgsR/Lorem.png/1630620831922\",\"selfLink\":\"http://localhost:9199/storage/v1/b/word-morph-image.appspot.com/o/visitors%2Fimages%2FMzq3fIdgGZOXeKXrN2fq6dogKgsR%2FLorem.png\",\"mediaLink\":\"http://localhost:9199/download/storage/v1/b/word-morph-image.appspot.com/o/visitors%2Fimages%2FMzq3fIdgGZOXeKXrN2fq6dogKgsR%2FLorem.png?generation=1630620831922&alt=media\"}}"
[debug] [2021-09-02T22:13:51.922Z] >>> [apiv2][query] POST http://localhost:5001/functions/projects/word-morph-image/trigger_multicast [none]
[debug] [2021-09-02T22:13:51.922Z] >>> [apiv2][body] POST http://localhost:5001/functions/projects/word-morph-image/trigger_multicast "{\"eventId\":\"1630620831922\",\"timestamp\":\"2021-09-02T15:13:51.922Z\",\"eventType\":\"google.storage.object.finalize\",\"resource\":{\"service\":\"storage.googleapis.com\",\"name\":\"projects/_/buckets/word-morph-image.appspot.com/objects/visitors/images/Mzq3fIdgGZOXeKXrN2fq6dogKgsR/Lorem.png\",\"type\":\"storage#object\"},\"data\":{\"kind\":\"#storage#object\",\"name\":\"visitors/images/Mzq3fIdgGZOXeKXrN2fq6dogKgsR/Lorem.png\",\"bucket\":\"word-morph-image.appspot.com\",\"generation\":\"1630620831922\",\"metageneration\":\"1\",\"contentType\":\"image/png\",\"timeCreated\":\"2021-09-02T15:13:51.921Z\",\"updated\":\"2021-09-02T15:13:51.921Z\",\"storageClass\":\"STANDARD\",\"size\":\"37006\",\"md5Hash\":\"kanGf4G/IYGygrd7w57Bag==\",\"etag\":\"someETag\",\"crc32c\":\"----9Q==\",\"timeStorageClassUpdated\":\"2021-09-02T15:13:51.921Z\",\"id\":\"word-morph-image.appspot.com/visitors/images/Mzq3fIdgGZOXeKXrN2fq6dogKgsR/Lorem.png/1630620831922\",\"selfLink\":\"http://localhost:9199/storage/v1/b/word-morph-image.appspot.com/o/visitors%2Fimages%2FMzq3fIdgGZOXeKXrN2fq6dogKgsR%2FLorem.png\",\"mediaLink\":\"http://localhost:9199/download/storage/v1/b/word-morph-image.appspot.com/o/visitors%2Fimages%2FMzq3fIdgGZOXeKXrN2fq6dogKgsR%2FLorem.png?generation=1630620831922&alt=media\"}}"
[debug] [2021-09-02T22:13:51.926Z] <<< [apiv2][status] POST http://localhost:5001/functions/projects/word-morph-image/trigger_multicast 200
[debug] [2021-09-02T22:13:51.926Z] <<< [apiv2][body] POST http://localhost:5001/functions/projects/word-morph-image/trigger_multicast {"status":"multicast_acknowledged"}
[debug] [2021-09-02T22:13:51.927Z] <<< [apiv2][status] POST http://localhost:5001/functions/projects/word-morph-image/trigger_multicast 200
[debug] [2021-09-02T22:13:51.927Z] <<< [apiv2][body] POST http://localhost:5001/functions/projects/word-morph-image/trigger_multicast {"status":"multicast_acknowledged"}
